{"numTotalTestSuites":171,"numPassedTestSuites":171,"numFailedTestSuites":0,"numPendingTestSuites":0,"numTotalTests":695,"numPassedTests":673,"numFailedTests":22,"numPendingTests":0,"numTodoTests":0,"startTime":1788661697851,"success":false,"testResults":[{"assertionResults":[{"ancestorTitles":["","Step-by-Step Algebraic Solving (isolate) & Solve Trace","1. Linear Equations"],"fullName":" Step-by-Step Algebraic Solving (isolate) & Solve Trace 1. Linear Equations solves simple linear equation 3x + 7 = 22 -> x = 5","status":"passed","title":"solves simple linear equation 3x + 7 = 22 -> x = 5","duration":12,"failureMessages":[]},{"ancestorTitles":["","Step-by-Step Algebraic Solving (isolate) & Solve Trace","1. Linear Equations"],"fullName":" Step-by-Step Algebraic Solving (isolate) & Solve Trace 1. Linear Equations solves distributing and collecting linear equation 2(x - 3) = 4x + 1 -> x = -7/2","status":"passed","title":"solves distributing and collecting linear equation 2(x - 3) = 4x + 1 -> x = -7/2","duration":4,"failureMessages":[]},{"ancestorTitles":["","Step-by-Step Algebraic Solving (isolate) & Solve Trace","1. Linear Equations"],"fullName":" Step-by-Step Algebraic Solving (isolate) & Solve Trace 1. Linear Equations detects contradiction / no solution: 5x = 5x + 1","status":"passed","title":"detects contradiction / no solution: 5x = 5x + 1","duration":1,"failureMessages":[]},{"ancestorTitles":["","Step-by-Step Algebraic Solving (isolate) & Solve Trace","1. Linear Equations"],"fullName":" Step-by-Step Algebraic Solving (isolate) & Solve Trace 1. Linear Equations detects identity / all real numbers: 2(x + 1) = 2x + 2","status":"passed","title":"detects identity / all real numbers: 2(x + 1) = 2x + 2","duration":0,"failureMessages":[]},{"ancestorTitles":["","Step-by-Step Algebraic Solving (isolate) & Solve Trace","2. Quadratic Equations"],"fullName":" Step-by-Step Algebraic Solving (isolate) & Solve Trace 2. Quadratic Equations solves factorable quadratic x^2 - 5x + 6 = 0 -> roots 2 and 3","status":"passed","title":"solves factorable quadratic x^2 - 5x + 6 = 0 -> roots 2 and 3","duration":1,"failureMessages":[]},{"ancestorTitles":["","Step-by-Step Algebraic Solving (isolate) & Solve Trace","2. Quadratic Equations"],"fullName":" Step-by-Step Algebraic Solving (isolate) & Solve Trace 2. Quadratic Equations solves pure quadratic x^2 - 2 = 0 -> roots ±√2","status":"passed","title":"solves pure quadratic x^2 - 2 = 0 -> roots ±√2","duration":1,"failureMessages":[]},{"ancestorTitles":["","Step-by-Step Algebraic Solving (isolate) & Solve Trace","2. Quadratic Equations"],"fullName":" Step-by-Step Algebraic Solving (isolate) & Solve Trace 2. Quadratic Equations rejects complex quadratic roots x^2 + 1 = 0 with unknown(requires-unavailable-theory)","status":"passed","title":"rejects complex quadratic roots x^2 + 1 = 0 with unknown(requires-unavailable-theory)","duration":0,"failureMessages":[]},{"ancestorTitles":["","Step-by-Step Algebraic Solving (isolate) & Solve Trace","3. Proportion Equations"],"fullName":" Step-by-Step Algebraic Solving (isolate) & Solve Trace 3. Proportion Equations solves proportion (x + 1)/3 = 4/2 with side condition","status":"passed","title":"solves proportion (x + 1)/3 = 4/2 with side condition","duration":1,"failureMessages":[]},{"ancestorTitles":["","Step-by-Step Algebraic Solving (isolate) & Solve Trace","4. Power Equations"],"fullName":" Step-by-Step Algebraic Solving (isolate) & Solve Trace 4. Power Equations solves odd power x^3 = 27 -> x = 3","status":"passed","title":"solves odd power x^3 = 27 -> x = 3","duration":0,"failureMessages":[]},{"ancestorTitles":["","Step-by-Step Algebraic Solving (isolate) & Solve Trace","4. Power Equations"],"fullName":" Step-by-Step Algebraic Solving (isolate) & Solve Trace 4. Power Equations solves even power x^2 = 9 returning BOTH roots (-3 and 3)","status":"passed","title":"solves even power x^2 = 9 returning BOTH roots (-3 and 3)","duration":15,"failureMessages":[]},{"ancestorTitles":["","Step-by-Step Algebraic Solving (isolate) & Solve Trace","5. Strict Scope Classifier & Rejections"],"fullName":" Step-by-Step Algebraic Solving (isolate) & Solve Trace 5. Strict Scope Classifier & Rejections rejects general cubics x^3 - 6x^2 + 11x - 6 = 0 with unknown and suggests :solve()","status":"passed","title":"rejects general cubics x^3 - 6x^2 + 11x - 6 = 0 with unknown and suggests :solve()","duration":0,"failureMessages":[]},{"ancestorTitles":["","Step-by-Step Algebraic Solving (isolate) & Solve Trace","5. Strict Scope Classifier & Rejections"],"fullName":" Step-by-Step Algebraic Solving (isolate) & Solve Trace 5. Strict Scope Classifier & Rejections rejects trigonometric equations :sin(x) = 1/2 with unknown and suggests :solve()","status":"passed","title":"rejects trigonometric equations :sin(x) = 1/2 with unknown and suggests :solve()","duration":1,"failureMessages":[]},{"ancestorTitles":["","Step-by-Step Algebraic Solving (isolate) & Solve Trace","5. Strict Scope Classifier & Rejections"],"fullName":" Step-by-Step Algebraic Solving (isolate) & Solve Trace 5. Strict Scope Classifier & Rejections rejects multiple rational denominators x/(x+1) + x/(x-1) = 2","status":"passed","title":"rejects multiple rational denominators x/(x+1) + x/(x-1) = 2","duration":0,"failureMessages":[]},{"ancestorTitles":["","Step-by-Step Algebraic Solving (isolate) & Solve Trace","6. Derivation Self-Verification & Corruption Harness"],"fullName":" Step-by-Step Algebraic Solving (isolate) & Solve Trace 6. Derivation Self-Verification & Corruption Harness accepts valid derivations through self-verification","status":"passed","title":"accepts valid derivations through self-verification","duration":0,"failureMessages":[]},{"ancestorTitles":["","Step-by-Step Algebraic Solving (isolate) & Solve Trace","6. Derivation Self-Verification & Corruption Harness"],"fullName":" Step-by-Step Algebraic Solving (isolate) & Solve Trace 6. Derivation Self-Verification & Corruption Harness rejects corrupted step derivations through AlgebraicVerifier","status":"passed","title":"rejects corrupted step derivations through AlgebraicVerifier","duration":1,"failureMessages":[]},{"ancestorTitles":["","Step-by-Step Algebraic Solving (isolate) & Solve Trace","7. Solve Convergence Trace Telemetry"],"fullName":" Step-by-Step Algebraic Solving (isolate) & Solve Trace 7. Solve Convergence Trace Telemetry returns structured iteration telemetry for Newton :solve(..., :trace: true)","status":"passed","title":"returns structured iteration telemetry for Newton :solve(..., :trace: true)","duration":2,"failureMessages":[]},{"ancestorTitles":["","Step-by-Step Algebraic Solving (isolate) & Solve Trace","7. Solve Convergence Trace Telemetry"],"fullName":" Step-by-Step Algebraic Solving (isolate) & Solve Trace 7. Solve Convergence Trace Telemetry returns structured iteration telemetry for Bisection :solve(..., :trace: true)","status":"passed","title":"returns structured iteration telemetry for Bisection :solve(..., :trace: true)","duration":1,"failureMessages":[]}],"startTime":1788661698740,"endTime":1788661698781,"status":"passed","message":"","name":"/Users/noahslayton/projects/axine/src/tests/algebra_isolate.test.ts"},{"assertionResults":[{"ancestorTitles":["","Gate 1: Revert Application Mode (| \\and |- Reverted)"],"fullName":" Gate 1: Revert Application Mode (| \\and |- Reverted) f(x) \\and f(2) are always parsed \\as multiplication f · x \\and f · 2","status":"passed","title":"f(x) \\and f(2) are always parsed \\as multiplication f · x \\and f · 2","duration":5,"failureMessages":[]},{"ancestorTitles":["","Gate 1: Revert Application Mode (| \\and |- Reverted)"],"fullName":" Gate 1: Revert Application Mode (| \\and |- Reverted) parses |x| \\as absolute value","status":"passed","title":"parses |x| \\as absolute value","duration":0,"failureMessages":[]},{"ancestorTitles":["","Gate 1: Revert Application Mode (| \\and |- Reverted)"],"fullName":" Gate 1: Revert Application Mode (| \\and |- Reverted) parses ||v|| \\as norm","status":"passed","title":"parses ||v|| \\as norm","duration":0,"failureMessages":[]},{"ancestorTitles":["","Gate 1: Revert Application Mode (| \\and |- Reverted)"],"fullName":" Gate 1: Revert Application Mode (| \\and |- Reverted) does \\not treat | inside expressions \\as mode switch","status":"passed","title":"does \\not treat | inside expressions \\as mode switch","duration":0,"failureMessages":[]}],"startTime":1788661699444,"endTime":1788661699449,"status":"passed","message":"","name":"/Users/noahslayton/projects/axine/src/tests/application_mode.test.ts"},{"assertionResults":[{"ancestorTitles":["","Benchmark: 10,000-character expression"],"fullName":" Benchmark: 10,000-character expression parses and evaluates a 10,000-character mathematical expression cleanly","status":"passed","title":"parses and evaluates a 10,000-character mathematical expression cleanly","duration":14,"failureMessages":[]}],"startTime":1788661699664,"endTime":1788661699678,"status":"passed","message":"","name":"/Users/noahslayton/projects/axine/src/tests/benchmark.test.ts"},{"assertionResults":[{"ancestorTitles":["","Unified Module Resolution in Browser and Node"],"fullName":" Unified Module Resolution in Browser and Node resolves bundled documents without filesystem access","status":"failed","title":"resolves bundled documents without filesystem access","duration":7,"failureMessages":["expected '# physics.ax — Physics domain library…' to contain '\\module :physics'"],"location":{"line":10,"column":24}},{"ancestorTitles":["","Unified Module Resolution in Browser and Node"],"fullName":" Unified Module Resolution in Browser and Node resolves relative import paths \"./physics.ax\" and \"documents/physics.ax\"","status":"passed","title":"resolves relative import paths \"./physics.ax\" and \"documents/physics.ax\"","duration":1,"failureMessages":[]},{"ancestorTitles":["","Unified Module Resolution in Browser and Node"],"fullName":" Unified Module Resolution in Browser and Node reports missing module and lists all searched paths","status":"passed","title":"reports missing module and lists all searched paths","duration":6,"failureMessages":[]},{"ancestorTitles":["","Unified Module Resolution in Browser and Node"],"fullName":" Unified Module Resolution in Browser and Node rejects cyclic module imports naming all participating files","status":"passed","title":"rejects cyclic module imports naming all participating files","duration":1,"failureMessages":[]},{"ancestorTitles":["","Unified Module Resolution in Browser and Node"],"fullName":" Unified Module Resolution in Browser and Node evaluates physics.ax and exports all symbols into importing environment","status":"failed","title":"evaluates physics.ax and exports all symbols into importing environment","duration":51,"failureMessages":["Unexpected token ','"],"location":{"line":78,"column":10}}],"startTime":1788661699557,"endTime":1788661699623,"status":"failed","message":"","name":"/Users/noahslayton/projects/axine/src/tests/browser_module_resolution.test.ts"},{"assertionResults":[{"ancestorTitles":["","Fix Pass 2: Honesty, Strengthened Tests, and Acceptance Verification","1. Claim System Honesty & Relevance Enforcement"],"fullName":" Fix Pass 2: Honesty, Strengthened Tests, and Acceptance Verification 1. Claim System Honesty & Relevance Enforcement requires a relevance field on every claim (syntax error if missing)","status":"passed","title":"requires a relevance field on every claim (syntax error if missing)","duration":5,"failureMessages":[]},{"ancestorTitles":["","Fix Pass 2: Honesty, Strengthened Tests, and Acceptance Verification","1. Claim System Honesty & Relevance Enforcement"],"fullName":" Fix Pass 2: Honesty, Strengthened Tests, and Acceptance Verification 1. Claim System Honesty & Relevance Enforcement rejects original regression fixtures (4 <= 4, abs(sin(t)) <= 1, p > 1)","status":"passed","title":"rejects original regression fixtures (4 <= 4, abs(sin(t)) <= 1, p > 1)","duration":503,"failureMessages":[]},{"ancestorTitles":["","Fix Pass 2: Honesty, Strengthened Tests, and Acceptance Verification","1. Claim System Honesty & Relevance Enforcement"],"fullName":" Fix Pass 2: Honesty, Strengthened Tests, and Acceptance Verification 1. Claim System Honesty & Relevance Enforcement asserts all corpus claims have non-empty relevance and honest Kind H or checkable shadows","status":"passed","title":"asserts all corpus claims have non-empty relevance and honest Kind H or checkable shadows","duration":431,"failureMessages":[]},{"ancestorTitles":["","Fix Pass 2: Honesty, Strengthened Tests, and Acceptance Verification","2. Sigma Argument Order & Disambiguation"],"fullName":" Fix Pass 2: Honesty, Strengthened Tests, and Acceptance Verification 2. Sigma Argument Order & Disambiguation evaluates expression-first sum(1/n^2, n in 1..10)","status":"passed","title":"evaluates expression-first sum(1/n^2, n in 1..10)","duration":0,"failureMessages":[]},{"ancestorTitles":["","Fix Pass 2: Honesty, Strengthened Tests, and Acceptance Verification","2. Sigma Argument Order & Disambiguation"],"fullName":" Fix Pass 2: Honesty, Strengthened Tests, and Acceptance Verification 2. Sigma Argument Order & Disambiguation evaluates binder-first sum(n in 1..10, 1/n^2)","status":"passed","title":"evaluates binder-first sum(n in 1..10, 1/n^2)","duration":2,"failureMessages":[]},{"ancestorTitles":["","Fix Pass 2: Honesty, Strengthened Tests, and Acceptance Verification","2. Sigma Argument Order & Disambiguation"],"fullName":" Fix Pass 2: Honesty, Strengthened Tests, and Acceptance Verification 2. Sigma Argument Order & Disambiguation evaluates variadic sum(1, 2, 3, 4)","status":"passed","title":"evaluates variadic sum(1, 2, 3, 4)","duration":5,"failureMessages":[]},{"ancestorTitles":["","Fix Pass 2: Honesty, Strengthened Tests, and Acceptance Verification","3. Matrix Eigenvalues with Unknown Handling"],"fullName":" Fix Pass 2: Honesty, Strengthened Tests, and Acceptance Verification 3. Matrix Eigenvalues with Unknown Handling returns unknown(requires-unavailable-theory) for complex eigenvalues","status":"passed","title":"returns unknown(requires-unavailable-theory) for complex eigenvalues","duration":1,"failureMessages":[]},{"ancestorTitles":["","Fix Pass 2: Honesty, Strengthened Tests, and Acceptance Verification","3. Matrix Eigenvalues with Unknown Handling"],"fullName":" Fix Pass 2: Honesty, Strengthened Tests, and Acceptance Verification 3. Matrix Eigenvalues with Unknown Handling computes exact/convergent eigenvalues for real symmetric matrix","status":"passed","title":"computes exact/convergent eigenvalues for real symmetric matrix","duration":1,"failureMessages":[]},{"ancestorTitles":["","Fix Pass 2: Honesty, Strengthened Tests, and Acceptance Verification","4. Worker Termination Timing (< 100ms)"],"fullName":" Fix Pass 2: Honesty, Strengthened Tests, and Acceptance Verification 4. Worker Termination Timing (< 100ms) terminates a non-yielding loop within 100ms measured","status":"passed","title":"terminates a non-yielding loop within 100ms measured","duration":33,"failureMessages":[]},{"ancestorTitles":["","Fix Pass 2: Honesty, Strengthened Tests, and Acceptance Verification","5. Corpus Acceptance Values Verification (Single Environment per Document)"],"fullName":" Fix Pass 2: Honesty, Strengthened Tests, and Acceptance Verification 5. Corpus Acceptance Values Verification (Single Environment per Document) collatz: length 112, max 9232","status":"passed","title":"collatz: length 112, max 9232","duration":2,"failureMessages":[]},{"ancestorTitles":["","Fix Pass 2: Honesty, Strengthened Tests, and Acceptance Verification","5. Corpus Acceptance Values Verification (Single Environment per Document)"],"fullName":" Fix Pass 2: Honesty, Strengthened Tests, and Acceptance Verification 5. Corpus Acceptance Values Verification (Single Environment per Document) basel: sum(1/n^2, n in 1..10) = 1968329/1270080","status":"passed","title":"basel: sum(1/n^2, n in 1..10) = 1968329/1270080","duration":2,"failureMessages":[]},{"ancestorTitles":["","Fix Pass 2: Honesty, Strengthened Tests, and Acceptance Verification","5. Corpus Acceptance Values Verification (Single Environment per Document)"],"fullName":" Fix Pass 2: Honesty, Strengthened Tests, and Acceptance Verification 5. Corpus Acceptance Values Verification (Single Environment per Document) zeno: sum(1/2^n, n in 1..10) = 1023/1024","status":"passed","title":"zeno: sum(1/2^n, n in 1..10) = 1023/1024","duration":0,"failureMessages":[]},{"ancestorTitles":["","Fix Pass 2: Honesty, Strengthened Tests, and Acceptance Verification","5. Corpus Acceptance Values Verification (Single Environment per Document)"],"fullName":" Fix Pass 2: Honesty, Strengthened Tests, and Acceptance Verification 5. Corpus Acceptance Values Verification (Single Environment per Document) fibonacci: fib(50) = 12586269025","status":"passed","title":"fibonacci: fib(50) = 12586269025","duration":2,"failureMessages":[]},{"ancestorTitles":["","Fix Pass 2: Honesty, Strengthened Tests, and Acceptance Verification","5. Corpus Acceptance Values Verification (Single Environment per Document)"],"fullName":" Fix Pass 2: Honesty, Strengthened Tests, and Acceptance Verification 5. Corpus Acceptance Values Verification (Single Environment per Document) newton: solve(f, near: 2) = 2.0945514815423265 (1e-12)","status":"passed","title":"newton: solve(f, near: 2) = 2.0945514815423265 (1e-12)","duration":16,"failureMessages":[]},{"ancestorTitles":["","Fix Pass 2: Honesty, Strengthened Tests, and Acceptance Verification","5. Corpus Acceptance Values Verification (Single Environment per Document)"],"fullName":" Fix Pass 2: Honesty, Strengthened Tests, and Acceptance Verification 5. Corpus Acceptance Values Verification (Single Environment per Document) goldbach: goldbach(100) returns a prime p with 100-p prime","status":"passed","title":"goldbach: goldbach(100) returns a prime p with 100-p prime","duration":7,"failureMessages":[]},{"ancestorTitles":["","Fix Pass 2: Honesty, Strengthened Tests, and Acceptance Verification","5. Corpus Acceptance Values Verification (Single Environment per Document)"],"fullName":" Fix Pass 2: Honesty, Strengthened Tests, and Acceptance Verification 5. Corpus Acceptance Values Verification (Single Environment per Document) cap_set: the F_3^3 search returns 9","status":"passed","title":"cap_set: the F_3^3 search returns 9","duration":1,"failureMessages":[]},{"ancestorTitles":["","Fix Pass 2: Honesty, Strengthened Tests, and Acceptance Verification","5. Corpus Acceptance Values Verification (Single Environment per Document)"],"fullName":" Fix Pass 2: Honesty, Strengthened Tests, and Acceptance Verification 5. Corpus Acceptance Values Verification (Single Environment per Document) euler: evaluates e^(i*:pi) + 1 as standing expression without crashing or generic error","status":"passed","title":"euler: evaluates e^(i*:pi) + 1 as standing expression without crashing or generic error","duration":1,"failureMessages":[]}],"startTime":1788661698537,"endTime":1788661699549,"status":"passed","message":"","name":"/Users/noahslayton/projects/axine/src/tests/claim_honesty_and_control.test.ts"},{"assertionResults":[{"ancestorTitles":["","Line Classifier & Discrimination Predicates","Named Predicates"],"fullName":" Line Classifier & Discrimination Predicates Named Predicates hasAssignment correctly detects :=","status":"passed","title":"hasAssignment correctly detects :=","duration":1,"failureMessages":[]},{"ancestorTitles":["","Line Classifier & Discrimination Predicates","Named Predicates"],"fullName":" Line Classifier & Discrimination Predicates Named Predicates hasKnownFunctionCall detects function calls without false-positives on prose","status":"passed","title":"hasKnownFunctionCall detects function calls without false-positives on prose","duration":4,"failureMessages":[]},{"ancestorTitles":["","Line Classifier & Discrimination Predicates","Named Predicates"],"fullName":" Line Classifier & Discrimination Predicates Named Predicates hasDigitAdjacentToOperator detects digits touching math operators","status":"passed","title":"hasDigitAdjacentToOperator detects digits touching math operators","duration":0,"failureMessages":[]},{"ancestorTitles":["","Line Classifier & Discrimination Predicates","Named Predicates"],"fullName":" Line Classifier & Discrimination Predicates Named Predicates hasHighMathTokenRatio calculates non-space math token density","status":"passed","title":"hasHighMathTokenRatio calculates non-space math token density","duration":1,"failureMessages":[]},{"ancestorTitles":["","Line Classifier & Discrimination Predicates","Named Predicates"],"fullName":" Line Classifier & Discrimination Predicates Named Predicates isPrefixOfValidExpression identifies incomplete prefixes","status":"passed","title":"isPrefixOfValidExpression identifies incomplete prefixes","duration":2,"failureMessages":[]},{"ancestorTitles":["","Line Classifier & Discrimination Predicates","Prompt Explicit Test Cases"],"fullName":" Line Classifier & Discrimination Predicates Prompt Explicit Test Cases \"Now let's check Collatz for 27\" -> PROSE","status":"passed","title":"\"Now let's check Collatz for 27\" -> PROSE","duration":1,"failureMessages":[]},{"ancestorTitles":["","Line Classifier & Discrimination Predicates","Prompt Explicit Test Cases"],"fullName":" Line Classifier & Discrimination Predicates Prompt Explicit Test Cases \"Note: the sum diverges\" -> PROSE","status":"passed","title":"\"Note: the sum diverges\" -> PROSE","duration":0,"failureMessages":[]},{"ancestorTitles":["","Line Classifier & Discrimination Predicates","Prompt Explicit Test Cases"],"fullName":" Line Classifier & Discrimination Predicates Prompt Explicit Test Cases \"roughly 3 or 4 iterations\" -> PROSE","status":"passed","title":"\"roughly 3 or 4 iterations\" -> PROSE","duration":0,"failureMessages":[]},{"ancestorTitles":["","Line Classifier & Discrimination Predicates","Prompt Explicit Test Cases"],"fullName":" Line Classifier & Discrimination Predicates Prompt Explicit Test Cases \"x := \" -> INCOMPLETE","status":"passed","title":"\"x := \" -> INCOMPLETE","duration":0,"failureMessages":[]},{"ancestorTitles":["","Line Classifier & Discrimination Predicates","Prompt Explicit Test Cases"],"fullName":" Line Classifier & Discrimination Predicates Prompt Explicit Test Cases \"sum(1/n^2,\" -> INCOMPLETE","status":"passed","title":"\"sum(1/n^2,\" -> INCOMPLETE","duration":0,"failureMessages":[]},{"ancestorTitles":["","Line Classifier & Discrimination Predicates","Prompt Explicit Test Cases"],"fullName":" Line Classifier & Discrimination Predicates Prompt Explicit Test Cases \"2 +\" -> INCOMPLETE","status":"passed","title":"\"2 +\" -> INCOMPLETE","duration":0,"failureMessages":[]},{"ancestorTitles":["","Line Classifier & Discrimination Predicates","Prompt Explicit Test Cases"],"fullName":" Line Classifier & Discrimination Predicates Prompt Explicit Test Cases \"((1 + 2)\" -> INCOMPLETE","status":"passed","title":"\"((1 + 2)\" -> INCOMPLETE","duration":0,"failureMessages":[]},{"ancestorTitles":["","Line Classifier & Discrimination Predicates","Prompt Explicit Test Cases"],"fullName":" Line Classifier & Discrimination Predicates Prompt Explicit Test Cases \"2 ++ 3\" -> ERROR","status":"passed","title":"\"2 ++ 3\" -> ERROR","duration":0,"failureMessages":[]},{"ancestorTitles":["","Line Classifier & Discrimination Predicates","Prompt Explicit Test Cases"],"fullName":" Line Classifier & Discrimination Predicates Prompt Explicit Test Cases \"velocty * 2\" -> MATH (pure relational variable product)","status":"passed","title":"\"velocty * 2\" -> MATH (pure relational variable product)","duration":0,"failureMessages":[]},{"ancestorTitles":["","Line Classifier & Discrimination Predicates","Prompt Explicit Test Cases"],"fullName":" Line Classifier & Discrimination Predicates Prompt Explicit Test Cases \"f(x) := \" -> INCOMPLETE","status":"passed","title":"\"f(x) := \" -> INCOMPLETE","duration":0,"failureMessages":[]},{"ancestorTitles":["","Line Classifier & Discrimination Predicates","Prompt Explicit Test Cases"],"fullName":" Line Classifier & Discrimination Predicates Prompt Explicit Test Cases \"3 + * 4\" -> ERROR","status":"passed","title":"\"3 + * 4\" -> ERROR","duration":0,"failureMessages":[]},{"ancestorTitles":["","Line Classifier & Discrimination Predicates","Valid Math and Definitions"],"fullName":" Line Classifier & Discrimination Predicates Valid Math and Definitions parses valid math expressions as MATH","status":"passed","title":"parses valid math expressions as MATH","duration":0,"failureMessages":[]},{"ancestorTitles":["","Line Classifier & Discrimination Predicates","Valid Math and Definitions"],"fullName":" Line Classifier & Discrimination Predicates Valid Math and Definitions parses valid assignments as DEFINITION","status":"passed","title":"parses valid assignments as DEFINITION","duration":0,"failureMessages":[]},{"ancestorTitles":["","Line Classifier & Discrimination Predicates","Valid Math and Definitions"],"fullName":" Line Classifier & Discrimination Predicates Valid Math and Definitions parses valid function defs as DEFINITION","status":"passed","title":"parses valid function defs as DEFINITION","duration":1,"failureMessages":[]}],"startTime":1788661699091,"endTime":1788661699102,"status":"passed","message":"","name":"/Users/noahslayton/projects/axine/src/tests/classifier.test.ts"},{"assertionResults":[{"ancestorTitles":["","Phase 1: Relation Compiler","Uncompilable Nodes & Markers"],"fullName":" Phase 1: Relation Compiler Uncompilable Nodes & Markers returns failure marker for list/tuple literals","status":"passed","title":"returns failure marker for list/tuple literals","duration":2,"failureMessages":[]},{"ancestorTitles":["","Phase 1: Relation Compiler","Uncompilable Nodes & Markers"],"fullName":" Phase 1: Relation Compiler Uncompilable Nodes & Markers returns failure marker for symbolic differentiation","status":"passed","title":"returns failure marker for symbolic differentiation","duration":0,"failureMessages":[]},{"ancestorTitles":["","Phase 1: Relation Compiler","Uncompilable Nodes & Markers"],"fullName":" Phase 1: Relation Compiler Uncompilable Nodes & Markers returns failure marker for unbound identifiers","status":"passed","title":"returns failure marker for unbound identifiers","duration":1,"failureMessages":[]},{"ancestorTitles":["","Phase 1: Relation Compiler","Uncompilable Nodes & Markers"],"fullName":" Phase 1: Relation Compiler Uncompilable Nodes & Markers returns failure marker for non-scalar environment variables","status":"passed","title":"returns failure marker for non-scalar environment variables","duration":0,"failureMessages":[]},{"ancestorTitles":["","Phase 1: Relation Compiler","Correctness Gate: 200 Sampled Expressions x 100 Points"],"fullName":" Phase 1: Relation Compiler Correctness Gate: 200 Sampled Expressions x 100 Points evaluates all 205 expressions across 100 points with strict agreement (< 1e-12)","status":"passed","title":"evaluates all 205 expressions across 100 points with strict agreement (< 1e-12)","duration":291,"failureMessages":[]},{"ancestorTitles":["","Phase 1: Relation Compiler","Performance Gate: Execution Benchmarks"],"fullName":" Phase 1: Relation Compiler Performance Gate: Execution Benchmarks benchmarks AST walker vs compiled closures and reports throughput","status":"passed","title":"benchmarks AST walker vs compiled closures and reports throughput","duration":846,"failureMessages":[]}],"startTime":1788661698266,"endTime":1788661699406,"status":"passed","message":"","name":"/Users/noahslayton/projects/axine/src/tests/compiler.test.ts"},{"assertionResults":[{"ancestorTitles":["","Golden File Test Corpus (265 cases)"],"fullName":" Golden File Test Corpus (265 cases) has at least 200 test cases (actual: 265)","status":"passed","title":"has at least 200 test cases (actual: 265)","duration":0,"failureMessages":[]},{"ancestorTitles":["","Golden File Test Corpus (265 cases)"],"fullName":" Golden File Test Corpus (265 cases) [#1] 2x","status":"passed","title":"[#1] 2x","duration":3,"failureMessages":[]},{"ancestorTitles":["","Golden File Test Corpus (265 cases)"],"fullName":" Golden File Test Corpus (265 cases) [#2] :xy","status":"passed","title":"[#2] :xy","duration":1,"failureMessages":[]},{"ancestorTitles":["","Golden File Test Corpus (265 cases)"],"fullName":" Golden File Test Corpus (265 cases) [#3] :xy + 1","status":"passed","title":"[#3] :xy + 1","duration":0,"failureMessages":[]},{"ancestorTitles":["","Golden File Test Corpus (265 cases)"],"fullName":" Golden File Test Corpus (265 cases) [#4] :fn(x+1)","status":"passed","title":"[#4] :fn(x+1)","duration":1,"failureMessages":[]},{"ancestorTitles":["","Golden File Test Corpus (265 cases)"],"fullName":" Golden File Test Corpus (265 cases) [#5] f(x+1)","status":"passed","title":"[#5] f(x+1)","duration":0,"failureMessages":[]},{"ancestorTitles":["","Golden File Test Corpus (265 cases)"],"fullName":" Golden File Test Corpus (265 cases) [#6] a / b c","status":"passed","title":"[#6] a / b c","duration":0,"failureMessages":[]},{"ancestorTitles":["","Golden File Test Corpus (265 cases)"],"fullName":" Golden File Test Corpus (265 cases) [#7] :sin(x^2)","status":"passed","title":"[#7] :sin(x^2)","duration":1,"failureMessages":[]},{"ancestorTitles":["","Golden File Test Corpus (265 cases)"],"fullName":" Golden File Test Corpus (265 cases) [#8] 2^3^2","status":"passed","title":"[#8] 2^3^2","duration":0,"failureMessages":[]},{"ancestorTitles":["","Golden File Test Corpus (265 cases)"],"fullName":" Golden File Test Corpus (265 cases) [#9] -x^2","status":"passed","title":"[#9] -x^2","duration":0,"failureMessages":[]},{"ancestorTitles":["","Golden File Test Corpus (265 cases)"],"fullName":" Golden File Test Corpus (265 cases) [#10] 1 + 2 * 3","status":"passed","title":"[#10] 1 + 2 * 3","duration":0,"failureMessages":[]},{"ancestorTitles":["","Golden File Test Corpus (265 cases)"],"fullName":" Golden File Test Corpus (265 cases) [#11] (1 + 2) * 3","status":"passed","title":"[#11] (1 + 2) * 3","duration":0,"failureMessages":[]},{"ancestorTitles":["","Golden File Test Corpus (265 cases)"],"fullName":" Golden File Test Corpus (265 cases) [#12] 10 - 4 - 2","status":"passed","title":"[#12] 10 - 4 - 2","duration":1,"failureMessages":[]},{"ancestorTitles":["","Golden File Test Corpus (265 cases)"],"fullName":" Golden File Test Corpus (265 cases) [#13] 10 - (4 - 2)","status":"passed","title":"[#13] 10 - (4 - 2)","duration":0,"failureMessages":[]},{"ancestorTitles":["","Golden File Test Corpus (265 cases)"],"fullName":" Golden File Test Corpus (265 cases) [#14] 24 / 6 / 2","status":"passed","title":"[#14] 24 / 6 / 2","duration":0,"failureMessages":[]},{"ancestorTitles":["","Golden File Test Corpus (265 cases)"],"fullName":" Golden File Test Corpus (265 cases) [#15] 24 / (6 / 2)","status":"passed","title":"[#15] 24 / (6 / 2)","duration":0,"failureMessages":[]},{"ancestorTitles":["","Golden File Test Corpus (265 cases)"],"fullName":" Golden File Test Corpus (265 cases) [#16] 2 * 3^2","status":"passed","title":"[#16] 2 * 3^2","duration":1,"failureMessages":[]},{"ancestorTitles":["","Golden File Test Corpus (265 cases)"],"fullName":" Golden File Test Corpus (265 cases) [#17] (2 * 3)^2","status":"passed","title":"[#17] (2 * 3)^2","duration":0,"failureMessages":[]},{"ancestorTitles":["","Golden File Test Corpus (265 cases)"],"fullName":" Golden File Test Corpus (265 cases) [#18] 2(3 + 4)","status":"passed","title":"[#18] 2(3 + 4)","duration":0,"failureMessages":[]},{"ancestorTitles":["","Golden File Test Corpus (265 cases)"],"fullName":" Golden File Test Corpus (265 cases) [#19] (2 + 3)(4 + 5)","status":"passed","title":"[#19] (2 + 3)(4 + 5)","duration":0,"failureMessages":[]},{"ancestorTitles":["","Golden File Test Corpus (265 cases)"],"fullName":" Golden File Test Corpus (265 cases) [#20] 3!","status":"passed","title":"[#20] 3!","duration":0,"failureMessages":[]},{"ancestorTitles":["","Golden File Test Corpus (265 cases)"],"fullName":" Golden File Test Corpus (265 cases) [#21] 3!^2","status":"passed","title":"[#21] 3!^2","duration":0,"failureMessages":[]},{"ancestorTitles":["","Golden File Test Corpus (265 cases)"],"fullName":" Golden File Test Corpus (265 cases) [#22] (3!)!","status":"passed","title":"[#22] (3!)!","duration":0,"failureMessages":[]},{"ancestorTitles":["","Golden File Test Corpus (265 cases)"],"fullName":" Golden File Test Corpus (265 cases) [#23] 2 * 3!","status":"passed","title":"[#23] 2 * 3!","duration":0,"failureMessages":[]},{"ancestorTitles":["","Golden File Test Corpus (265 cases)"],"fullName":" Golden File Test Corpus (265 cases) [#24] -3!","status":"passed","title":"[#24] -3!","duration":1,"failureMessages":[]},{"ancestorTitles":["","Golden File Test Corpus (265 cases)"],"fullName":" Golden File Test Corpus (265 cases) [#25] x²","status":"passed","title":"[#25] x²","duration":0,"failureMessages":[]},{"ancestorTitles":["","Golden File Test Corpus (265 cases)"],"fullName":" Golden File Test Corpus (265 cases) [#26] x³","status":"passed","title":"[#26] x³","duration":0,"failureMessages":[]},{"ancestorTitles":["","Golden File Test Corpus (265 cases)"],"fullName":" Golden File Test Corpus (265 cases) [#27] 1/3 + 1/3 + 1/3","status":"passed","title":"[#27] 1/3 + 1/3 + 1/3","duration":1,"failureMessages":[]},{"ancestorTitles":["","Golden File Test Corpus (265 cases)"],"fullName":" Golden File Test Corpus (265 cases) [#28] 1/7 + 2/7 + 4/7","status":"passed","title":"[#28] 1/7 + 2/7 + 4/7","duration":0,"failureMessages":[]},{"ancestorTitles":["","Golden File Test Corpus (265 cases)"],"fullName":" Golden File Test Corpus (265 cases) [#29] 1/10 + 2/10","status":"passed","title":"[#29] 1/10 + 2/10","duration":0,"failureMessages":[]},{"ancestorTitles":["","Golden File Test Corpus (265 cases)"],"fullName":" Golden File Test Corpus (265 cases) [#30] 1/3 * 3","status":"passed","title":"[#30] 1/3 * 3","duration":1,"failureMessages":[]},{"ancestorTitles":["","Golden File Test Corpus (265 cases)"],"fullName":" Golden File Test Corpus (265 cases) [#31] (1/2 + 1/3) * 6","status":"passed","title":"[#31] (1/2 + 1/3) * 6","duration":0,"failureMessages":[]},{"ancestorTitles":["","Golden File Test Corpus (265 cases)"],"fullName":" Golden File Test Corpus (265 cases) [#32] 355 / 113 - 355 / 113","status":"passed","title":"[#32] 355 / 113 - 355 / 113","duration":1,"failureMessages":[]},{"ancestorTitles":["","Golden File Test Corpus (265 cases)"],"fullName":" Golden File Test Corpus (265 cases) [#33] 12345678901234567890 * 10","status":"passed","title":"[#33] 12345678901234567890 * 10","duration":0,"failureMessages":[]},{"ancestorTitles":["","Golden File Test Corpus (265 cases)"],"fullName":" Golden File Test Corpus (265 cases) [#34] 2^64","status":"passed","title":"[#34] 2^64","duration":0,"failureMessages":[]},{"ancestorTitles":["","Golden File Test Corpus (265 cases)"],"fullName":" Golden File Test Corpus (265 cases) [#35] 2^(-3)","status":"passed","title":"[#35] 2^(-3)","duration":1,"failureMessages":[]},{"ancestorTitles":["","Golden File Test Corpus (265 cases)"],"fullName":" Golden File Test Corpus (265 cases) [#36] (2/3)^(-2)","status":"passed","title":"[#36] (2/3)^(-2)","duration":1,"failureMessages":[]},{"ancestorTitles":["","Golden File Test Corpus (265 cases)"],"fullName":" Golden File Test Corpus (265 cases) [#37] :abs(-42)","status":"passed","title":"[#37] :abs(-42)","duration":0,"failureMessages":[]},{"ancestorTitles":["","Golden File Test Corpus (265 cases)"],"fullName":" Golden File Test Corpus (265 cases) [#38] :abs(42)","status":"passed","title":"[#38] :abs(42)","duration":0,"failureMessages":[]},{"ancestorTitles":["","Golden File Test Corpus (265 cases)"],"fullName":" Golden File Test Corpus (265 cases) [#39] :abs(-3/4)","status":"passed","title":"[#39] :abs(-3/4)","duration":1,"failureMessages":[]},{"ancestorTitles":["","Golden File Test Corpus (265 cases)"],"fullName":" Golden File Test Corpus (265 cases) [#40] :floor(7/2)","status":"passed","title":"[#40] :floor(7/2)","duration":0,"failureMessages":[]},{"ancestorTitles":["","Golden File Test Corpus (265 cases)"],"fullName":" Golden File Test Corpus (265 cases) [#41] :floor(-7/2)","status":"passed","title":"[#41] :floor(-7/2)","duration":0,"failureMessages":[]},{"ancestorTitles":["","Golden File Test Corpus (265 cases)"],"fullName":" Golden File Test Corpus (265 cases) [#42] :ceil(7/2)","status":"passed","title":"[#42] :ceil(7/2)","duration":0,"failureMessages":[]},{"ancestorTitles":["","Golden File Test Corpus (265 cases)"],"fullName":" Golden File Test Corpus (265 cases) [#43] :ceil(-7/2)","status":"passed","title":"[#43] :ceil(-7/2)","duration":0,"failureMessages":[]},{"ancestorTitles":["","Golden File Test Corpus (265 cases)"],"fullName":" Golden File Test Corpus (265 cases) [#44] :round(7/2)","status":"passed","title":"[#44] :round(7/2)","duration":0,"failureMessages":[]},{"ancestorTitles":["","Golden File Test Corpus (265 cases)"],"fullName":" Golden File Test Corpus (265 cases) [#45] :min(5, 2, 8, 1, 9)","status":"passed","title":"[#45] :min(5, 2, 8, 1, 9)","duration":0,"failureMessages":[]},{"ancestorTitles":["","Golden File Test Corpus (265 cases)"],"fullName":" Golden File Test Corpus (265 cases) [#46] :max(5, 2, 8, 1, 9)","status":"passed","title":"[#46] :max(5, 2, 8, 1, 9)","duration":0,"failureMessages":[]},{"ancestorTitles":["","Golden File Test Corpus (265 cases)"],"fullName":" Golden File Test Corpus (265 cases) [#47] :sum(1, 2, 3, 4, 5)","status":"passed","title":"[#47] :sum(1, 2, 3, 4, 5)","duration":0,"failureMessages":[]},{"ancestorTitles":["","Golden File Test Corpus (265 cases)"],"fullName":" Golden File Test Corpus (265 cases) [#48] :prod(1, 2, 3, 4, 5)","status":"passed","title":"[#48] :prod(1, 2, 3, 4, 5)","duration":1,"failureMessages":[]},{"ancestorTitles":["","Golden File Test Corpus (265 cases)"],"fullName":" Golden File Test Corpus (265 cases) [#49] :gcd(48, 18)","status":"passed","title":"[#49] :gcd(48, 18)","duration":0,"failureMessages":[]},{"ancestorTitles":["","Golden File Test Corpus (265 cases)"],"fullName":" Golden File Test Corpus (265 cases) [#50] :lcm(4, 6)","status":"passed","title":"[#50] :lcm(4, 6)","duration":0,"failureMessages":[]},{"ancestorTitles":["","Golden File Test Corpus (265 cases)"],"fullName":" Golden File Test Corpus (265 cases) [#51] :mod(17, 5)","status":"passed","title":"[#51] :mod(17, 5)","duration":0,"failureMessages":[]},{"ancestorTitles":["","Golden File Test Corpus (265 cases)"],"fullName":" Golden File Test Corpus (265 cases) [#52] :sqrt(64)","status":"passed","title":"[#52] :sqrt(64)","duration":1,"failureMessages":[]},{"ancestorTitles":["","Golden File Test Corpus (265 cases)"],"fullName":" Golden File Test Corpus (265 cases) [#53] :sqrt(9/16)","status":"passed","title":"[#53] :sqrt(9/16)","duration":0,"failureMessages":[]},{"ancestorTitles":["","Golden File Test Corpus (265 cases)"],"fullName":" Golden File Test Corpus (265 cases) [#54] :exp(0)","status":"passed","title":"[#54] :exp(0)","duration":0,"failureMessages":[]},{"ancestorTitles":["","Golden File Test Corpus (265 cases)"],"fullName":" Golden File Test Corpus (265 cases) [#55] :ln(1)","status":"passed","title":"[#55] :ln(1)","duration":0,"failureMessages":[]},{"ancestorTitles":["","Golden File Test Corpus (265 cases)"],"fullName":" Golden File Test Corpus (265 cases) [#56] :log(100)","status":"passed","title":"[#56] :log(100)","duration":1,"failureMessages":[]},{"ancestorTitles":["","Golden File Test Corpus (265 cases)"],"fullName":" Golden File Test Corpus (265 cases) [#57] :log2(8)","status":"passed","title":"[#57] :log2(8)","duration":0,"failureMessages":[]},{"ancestorTitles":["","Golden File Test Corpus (265 cases)"],"fullName":" Golden File Test Corpus (265 cases) [#58] :cos(0)","status":"passed","title":"[#58] :cos(0)","duration":0,"failureMessages":[]},{"ancestorTitles":["","Golden File Test Corpus (265 cases)"],"fullName":" Golden File Test Corpus (265 cases) [#59] :sin(0)","status":"passed","title":"[#59] :sin(0)","duration":0,"failureMessages":[]},{"ancestorTitles":["","Golden File Test Corpus (265 cases)"],"fullName":" Golden File Test Corpus (265 cases) [#60] :tan(0)","status":"passed","title":"[#60] :tan(0)","duration":0,"failureMessages":[]},{"ancestorTitles":["","Golden File Test Corpus (265 cases)"],"fullName":" Golden File Test Corpus (265 cases) [#61] :float(1/2)","status":"passed","title":"[#61] :float(1/2)","duration":0,"failureMessages":[]},{"ancestorTitles":["","Golden File Test Corpus (265 cases)"],"fullName":" Golden File Test Corpus (265 cases) [#62] 3 < 5","status":"passed","title":"[#62] 3 < 5","duration":0,"failureMessages":[]},{"ancestorTitles":["","Golden File Test Corpus (265 cases)"],"fullName":" Golden File Test Corpus (265 cases) [#63] 5 <= 5","status":"passed","title":"[#63] 5 <= 5","duration":0,"failureMessages":[]},{"ancestorTitles":["","Golden File Test Corpus (265 cases)"],"fullName":" Golden File Test Corpus (265 cases) [#64] 5 > 3","status":"passed","title":"[#64] 5 > 3","duration":0,"failureMessages":[]},{"ancestorTitles":["","Golden File Test Corpus (265 cases)"],"fullName":" Golden File Test Corpus (265 cases) [#65] 5 >= 5","status":"passed","title":"[#65] 5 >= 5","duration":0,"failureMessages":[]},{"ancestorTitles":["","Golden File Test Corpus (265 cases)"],"fullName":" Golden File Test Corpus (265 cases) [#66] 5 == 5","status":"passed","title":"[#66] 5 == 5","duration":1,"failureMessages":[]},{"ancestorTitles":["","Golden File Test Corpus (265 cases)"],"fullName":" Golden File Test Corpus (265 cases) [#67] 5 != 3","status":"passed","title":"[#67] 5 != 3","duration":0,"failureMessages":[]},{"ancestorTitles":["","Golden File Test Corpus (265 cases)"],"fullName":" Golden File Test Corpus (265 cases) [#68] 1/3 == 2/6","status":"passed","title":"[#68] 1/3 == 2/6","duration":0,"failureMessages":[]},{"ancestorTitles":["","Golden File Test Corpus (265 cases)"],"fullName":" Golden File Test Corpus (265 cases) [#69] 6 × 7","status":"passed","title":"[#69] 6 × 7","duration":0,"failureMessages":[]},{"ancestorTitles":["","Golden File Test Corpus (265 cases)"],"fullName":" Golden File Test Corpus (265 cases) [#70] 84 ÷ 2","status":"passed","title":"[#70] 84 ÷ 2","duration":0,"failureMessages":[]},{"ancestorTitles":["","Golden File Test Corpus (265 cases)"],"fullName":" Golden File Test Corpus (265 cases) [#71] 10 − 3","status":"passed","title":"[#71] 10 − 3","duration":0,"failureMessages":[]},{"ancestorTitles":["","Golden File Test Corpus (265 cases)"],"fullName":" Golden File Test Corpus (265 cases) [#72] 5 ≤ 10","status":"passed","title":"[#72] 5 ≤ 10","duration":0,"failureMessages":[]},{"ancestorTitles":["","Golden File Test Corpus (265 cases)"],"fullName":" Golden File Test Corpus (265 cases) [#73] 10 ≥ 5","status":"passed","title":"[#73] 10 ≥ 5","duration":0,"failureMessages":[]},{"ancestorTitles":["","Golden File Test Corpus (265 cases)"],"fullName":" Golden File Test Corpus (265 cases) [#74] 5 ≠ 3","status":"passed","title":"[#74] 5 ≠ 3","duration":0,"failureMessages":[]},{"ancestorTitles":["","Golden File Test Corpus (265 cases)"],"fullName":" Golden File Test Corpus (265 cases) [#75] √100","status":"passed","title":"[#75] √100","duration":0,"failureMessages":[]},{"ancestorTitles":["","Golden File Test Corpus (265 cases)"],"fullName":" Golden File Test Corpus (265 cases) [#76] :sin(:pi)","status":"failed","title":"[#76] :sin(:pi)","duration":8,"failureMessages":["Cannot find module 'constants/pi.ax'. Looked for: '[disk] constants/pi.ax', '[disk] pi.ax', '[disk] ./pi.ax', '[disk] /Users/noahslayton/projects/axine/constants/pi.ax', '[disk] /Users/noahslayton/projects/axine/pi.ax', '[stdlib] pi.ax', '[stdlib] constants/pi.ax', '[stdlib] documents/constants/pi.ax', '[stdlib] documents/pi.ax', '[stdlib] /documents/constants/pi.ax', '[stdlib] /documents/pi.ax'\nResolution failed:\n  1. Disk (relative to file directory): 'constants/pi.ax', 'pi.ax', './pi.ax', '/Users/noahslayton/projects/axine/constants/pi.ax', '/Users/noahslayton/projects/axine/pi.ax'\n  2. Stdlib (bundled virtual filesystem): 'pi.ax', 'constants/pi.ax', 'documents/constants/pi.ax', 'documents/pi.ax', '/documents/constants/pi.ax', '/documents/pi.ax'"],"location":{"line":78,"column":10}},{"ancestorTitles":["","Golden File Test Corpus (265 cases)"],"fullName":" Golden File Test Corpus (265 cases) [#77] :cos(:tau)","status":"failed","title":"[#77] :cos(:tau)","duration":1,"failureMessages":["Cannot find module 'constants/tau.ax'. Looked for: '[disk] constants/tau.ax', '[disk] tau.ax', '[disk] ./tau.ax', '[disk] /Users/noahslayton/projects/axine/constants/tau.ax', '[disk] /Users/noahslayton/projects/axine/tau.ax', '[stdlib] tau.ax', '[stdlib] constants/tau.ax', '[stdlib] documents/constants/tau.ax', '[stdlib] documents/tau.ax', '[stdlib] /documents/constants/tau.ax', '[stdlib] /documents/tau.ax'\nResolution failed:\n  1. Disk (relative to file directory): 'constants/tau.ax', 'tau.ax', './tau.ax', '/Users/noahslayton/projects/axine/constants/tau.ax', '/Users/noahslayton/projects/axine/tau.ax'\n  2. Stdlib (bundled virtual filesystem): 'tau.ax', 'constants/tau.ax', 'documents/constants/tau.ax', 'documents/tau.ax', '/documents/constants/tau.ax', '/documents/tau.ax'"],"location":{"line":78,"column":10}},{"ancestorTitles":["","Golden File Test Corpus (265 cases)"],"fullName":" Golden File Test Corpus (265 cases) [#78] 1 / 0","status":"passed","title":"[#78] 1 / 0","duration":0,"failureMessages":[]},{"ancestorTitles":["","Golden File Test Corpus (265 cases)"],"fullName":" Golden File Test Corpus (265 cases) [#79] 5 / (3 - 3)","status":"passed","title":"[#79] 5 / (3 - 3)","duration":0,"failureMessages":[]},{"ancestorTitles":["","Golden File Test Corpus (265 cases)"],"fullName":" Golden File Test Corpus (265 cases) [#80] :sqrt(-1)","status":"passed","title":"[#80] :sqrt(-1)","duration":0,"failureMessages":[]},{"ancestorTitles":["","Golden File Test Corpus (265 cases)"],"fullName":" Golden File Test Corpus (265 cases) [#81] :sqrt(-16)","status":"passed","title":"[#81] :sqrt(-16)","duration":0,"failureMessages":[]},{"ancestorTitles":["","Golden File Test Corpus (265 cases)"],"fullName":" Golden File Test Corpus (265 cases) [#82] (-4)^(1/2)","status":"passed","title":"[#82] (-4)^(1/2)","duration":0,"failureMessages":[]},{"ancestorTitles":["","Golden File Test Corpus (265 cases)"],"fullName":" Golden File Test Corpus (265 cases) [#83] 0^0","status":"passed","title":"[#83] 0^0","duration":0,"failureMessages":[]},{"ancestorTitles":["","Golden File Test Corpus (265 cases)"],"fullName":" Golden File Test Corpus (265 cases) [#84] :ln(0)","status":"passed","title":"[#84] :ln(0)","duration":0,"failureMessages":[]},{"ancestorTitles":["","Golden File Test Corpus (265 cases)"],"fullName":" Golden File Test Corpus (265 cases) [#85] :ln(-5)","status":"passed","title":"[#85] :ln(-5)","duration":0,"failureMessages":[]},{"ancestorTitles":["","Golden File Test Corpus (265 cases)"],"fullName":" Golden File Test Corpus (265 cases) [#86] :log(0)","status":"passed","title":"[#86] :log(0)","duration":0,"failureMessages":[]},{"ancestorTitles":["","Golden File Test Corpus (265 cases)"],"fullName":" Golden File Test Corpus (265 cases) [#87] :log(-10)","status":"passed","title":"[#87] :log(-10)","duration":0,"failureMessages":[]},{"ancestorTitles":["","Golden File Test Corpus (265 cases)"],"fullName":" Golden File Test Corpus (265 cases) [#88] :log2(0)","status":"passed","title":"[#88] :log2(0)","duration":0,"failureMessages":[]},{"ancestorTitles":["","Golden File Test Corpus (265 cases)"],"fullName":" Golden File Test Corpus (265 cases) [#89] :factorial(-3)","status":"passed","title":"[#89] :factorial(-3)","duration":0,"failureMessages":[]},{"ancestorTitles":["","Golden File Test Corpus (265 cases)"],"fullName":" Golden File Test Corpus (265 cases) [#90] (-3)!","status":"passed","title":"[#90] (-3)!","duration":0,"failureMessages":[]},{"ancestorTitles":["","Golden File Test Corpus (265 cases)"],"fullName":" Golden File Test Corpus (265 cases) [#91] (1/2)!","status":"passed","title":"[#91] (1/2)!","duration":0,"failureMessages":[]},{"ancestorTitles":["","Golden File Test Corpus (265 cases)"],"fullName":" Golden File Test Corpus (265 cases) [#92] :velocity + 1","status":"passed","title":"[#92] :velocity + 1","duration":1,"failureMessages":[]},{"ancestorTitles":["","Golden File Test Corpus (265 cases)"],"fullName":" Golden File Test Corpus (265 cases) [#93] :acceleration * 2","status":"passed","title":"[#93] :acceleration * 2","duration":0,"failureMessages":[]},{"ancestorTitles":["","Golden File Test Corpus (265 cases)"],"fullName":" Golden File Test Corpus (265 cases) [#94] ","status":"passed","title":"[#94] ","duration":0,"failureMessages":[]},{"ancestorTitles":["","Golden File Test Corpus (265 cases)"],"fullName":" Golden File Test Corpus (265 cases) [#95]    \t  \n  ","status":"passed","title":"[#95]    \t  \n  ","duration":0,"failureMessages":[]},{"ancestorTitles":["","Golden File Test Corpus (265 cases)"],"fullName":" Golden File Test Corpus (265 cases) [#96] +","status":"passed","title":"[#96] +","duration":0,"failureMessages":[]},{"ancestorTitles":["","Golden File Test Corpus (265 cases)"],"fullName":" Golden File Test Corpus (265 cases) [#97] *","status":"passed","title":"[#97] *","duration":0,"failureMessages":[]},{"ancestorTitles":["","Golden File Test Corpus (265 cases)"],"fullName":" Golden File Test Corpus (265 cases) [#98] (1 + 2","status":"passed","title":"[#98] (1 + 2","duration":0,"failureMessages":[]},{"ancestorTitles":["","Golden File Test Corpus (265 cases)"],"fullName":" Golden File Test Corpus (265 cases) [#99] 1 + 2)","status":"passed","title":"[#99] 1 + 2)","duration":0,"failureMessages":[]},{"ancestorTitles":["","Golden File Test Corpus (265 cases)"],"fullName":" Golden File Test Corpus (265 cases) [#100] :graph(5)","status":"passed","title":"[#100] :graph(5)","duration":0,"failureMessages":[]},{"ancestorTitles":["","Golden File Test Corpus (265 cases)"],"fullName":" Golden File Test Corpus (265 cases) rational-harmonic-1","status":"passed","title":"rational-harmonic-1","duration":0,"failureMessages":[]},{"ancestorTitles":["","Golden File Test Corpus (265 cases)"],"fullName":" Golden File Test Corpus (265 cases) rational-harmonic-2","status":"passed","title":"rational-harmonic-2","duration":0,"failureMessages":[]},{"ancestorTitles":["","Golden File Test Corpus (265 cases)"],"fullName":" Golden File Test Corpus (265 cases) rational-harmonic-3","status":"passed","title":"rational-harmonic-3","duration":0,"failureMessages":[]},{"ancestorTitles":["","Golden File Test Corpus (265 cases)"],"fullName":" Golden File Test Corpus (265 cases) rational-harmonic-4","status":"passed","title":"rational-harmonic-4","duration":0,"failureMessages":[]},{"ancestorTitles":["","Golden File Test Corpus (265 cases)"],"fullName":" Golden File Test Corpus (265 cases) rational-harmonic-5","status":"passed","title":"rational-harmonic-5","duration":0,"failureMessages":[]},{"ancestorTitles":["","Golden File Test Corpus (265 cases)"],"fullName":" Golden File Test Corpus (265 cases) rational-harmonic-6","status":"passed","title":"rational-harmonic-6","duration":0,"failureMessages":[]},{"ancestorTitles":["","Golden File Test Corpus (265 cases)"],"fullName":" Golden File Test Corpus (265 cases) rational-harmonic-7","status":"passed","title":"rational-harmonic-7","duration":0,"failureMessages":[]},{"ancestorTitles":["","Golden File Test Corpus (265 cases)"],"fullName":" Golden File Test Corpus (265 cases) rational-harmonic-8","status":"passed","title":"rational-harmonic-8","duration":0,"failureMessages":[]},{"ancestorTitles":["","Golden File Test Corpus (265 cases)"],"fullName":" Golden File Test Corpus (265 cases) rational-harmonic-9","status":"passed","title":"rational-harmonic-9","duration":0,"failureMessages":[]},{"ancestorTitles":["","Golden File Test Corpus (265 cases)"],"fullName":" Golden File Test Corpus (265 cases) rational-harmonic-10","status":"passed","title":"rational-harmonic-10","duration":1,"failureMessages":[]},{"ancestorTitles":["","Golden File Test Corpus (265 cases)"],"fullName":" Golden File Test Corpus (265 cases) rational-harmonic-11","status":"passed","title":"rational-harmonic-11","duration":0,"failureMessages":[]},{"ancestorTitles":["","Golden File Test Corpus (265 cases)"],"fullName":" Golden File Test Corpus (265 cases) rational-harmonic-12","status":"passed","title":"rational-harmonic-12","duration":0,"failureMessages":[]},{"ancestorTitles":["","Golden File Test Corpus (265 cases)"],"fullName":" Golden File Test Corpus (265 cases) rational-harmonic-13","status":"passed","title":"rational-harmonic-13","duration":0,"failureMessages":[]},{"ancestorTitles":["","Golden File Test Corpus (265 cases)"],"fullName":" Golden File Test Corpus (265 cases) rational-harmonic-14","status":"passed","title":"rational-harmonic-14","duration":0,"failureMessages":[]},{"ancestorTitles":["","Golden File Test Corpus (265 cases)"],"fullName":" Golden File Test Corpus (265 cases) rational-harmonic-15","status":"passed","title":"rational-harmonic-15","duration":0,"failureMessages":[]},{"ancestorTitles":["","Golden File Test Corpus (265 cases)"],"fullName":" Golden File Test Corpus (265 cases) rational-harmonic-16","status":"passed","title":"rational-harmonic-16","duration":0,"failureMessages":[]},{"ancestorTitles":["","Golden File Test Corpus (265 cases)"],"fullName":" Golden File Test Corpus (265 cases) rational-harmonic-17","status":"passed","title":"rational-harmonic-17","duration":0,"failureMessages":[]},{"ancestorTitles":["","Golden File Test Corpus (265 cases)"],"fullName":" Golden File Test Corpus (265 cases) rational-harmonic-18","status":"passed","title":"rational-harmonic-18","duration":0,"failureMessages":[]},{"ancestorTitles":["","Golden File Test Corpus (265 cases)"],"fullName":" Golden File Test Corpus (265 cases) rational-harmonic-19","status":"passed","title":"rational-harmonic-19","duration":1,"failureMessages":[]},{"ancestorTitles":["","Golden File Test Corpus (265 cases)"],"fullName":" Golden File Test Corpus (265 cases) rational-harmonic-20","status":"passed","title":"rational-harmonic-20","duration":0,"failureMessages":[]},{"ancestorTitles":["","Golden File Test Corpus (265 cases)"],"fullName":" Golden File Test Corpus (265 cases) rational-harmonic-21","status":"passed","title":"rational-harmonic-21","duration":0,"failureMessages":[]},{"ancestorTitles":["","Golden File Test Corpus (265 cases)"],"fullName":" Golden File Test Corpus (265 cases) rational-harmonic-22","status":"passed","title":"rational-harmonic-22","duration":0,"failureMessages":[]},{"ancestorTitles":["","Golden File Test Corpus (265 cases)"],"fullName":" Golden File Test Corpus (265 cases) rational-harmonic-23","status":"passed","title":"rational-harmonic-23","duration":0,"failureMessages":[]},{"ancestorTitles":["","Golden File Test Corpus (265 cases)"],"fullName":" Golden File Test Corpus (265 cases) rational-harmonic-24","status":"passed","title":"rational-harmonic-24","duration":0,"failureMessages":[]},{"ancestorTitles":["","Golden File Test Corpus (265 cases)"],"fullName":" Golden File Test Corpus (265 cases) rational-harmonic-25","status":"passed","title":"rational-harmonic-25","duration":0,"failureMessages":[]},{"ancestorTitles":["","Golden File Test Corpus (265 cases)"],"fullName":" Golden File Test Corpus (265 cases) rational-harmonic-26","status":"passed","title":"rational-harmonic-26","duration":0,"failureMessages":[]},{"ancestorTitles":["","Golden File Test Corpus (265 cases)"],"fullName":" Golden File Test Corpus (265 cases) rational-harmonic-27","status":"passed","title":"rational-harmonic-27","duration":0,"failureMessages":[]},{"ancestorTitles":["","Golden File Test Corpus (265 cases)"],"fullName":" Golden File Test Corpus (265 cases) rational-harmonic-28","status":"passed","title":"rational-harmonic-28","duration":0,"failureMessages":[]},{"ancestorTitles":["","Golden File Test Corpus (265 cases)"],"fullName":" Golden File Test Corpus (265 cases) rational-harmonic-29","status":"passed","title":"rational-harmonic-29","duration":0,"failureMessages":[]},{"ancestorTitles":["","Golden File Test Corpus (265 cases)"],"fullName":" Golden File Test Corpus (265 cases) rational-harmonic-30","status":"passed","title":"rational-harmonic-30","duration":1,"failureMessages":[]},{"ancestorTitles":["","Golden File Test Corpus (265 cases)"],"fullName":" Golden File Test Corpus (265 cases) power-eval-2","status":"passed","title":"power-eval-2","duration":0,"failureMessages":[]},{"ancestorTitles":["","Golden File Test Corpus (265 cases)"],"fullName":" Golden File Test Corpus (265 cases) power-eval-3","status":"passed","title":"power-eval-3","duration":0,"failureMessages":[]},{"ancestorTitles":["","Golden File Test Corpus (265 cases)"],"fullName":" Golden File Test Corpus (265 cases) power-eval-4","status":"passed","title":"power-eval-4","duration":0,"failureMessages":[]},{"ancestorTitles":["","Golden File Test Corpus (265 cases)"],"fullName":" Golden File Test Corpus (265 cases) power-eval-5","status":"passed","title":"power-eval-5","duration":0,"failureMessages":[]},{"ancestorTitles":["","Golden File Test Corpus (265 cases)"],"fullName":" Golden File Test Corpus (265 cases) power-eval-6","status":"passed","title":"power-eval-6","duration":0,"failureMessages":[]},{"ancestorTitles":["","Golden File Test Corpus (265 cases)"],"fullName":" Golden File Test Corpus (265 cases) power-eval-7","status":"passed","title":"power-eval-7","duration":0,"failureMessages":[]},{"ancestorTitles":["","Golden File Test Corpus (265 cases)"],"fullName":" Golden File Test Corpus (265 cases) power-eval-8","status":"passed","title":"power-eval-8","duration":0,"failureMessages":[]},{"ancestorTitles":["","Golden File Test Corpus (265 cases)"],"fullName":" Golden File Test Corpus (265 cases) power-eval-9","status":"passed","title":"power-eval-9","duration":0,"failureMessages":[]},{"ancestorTitles":["","Golden File Test Corpus (265 cases)"],"fullName":" Golden File Test Corpus (265 cases) power-eval-10","status":"passed","title":"power-eval-10","duration":0,"failureMessages":[]},{"ancestorTitles":["","Golden File Test Corpus (265 cases)"],"fullName":" Golden File Test Corpus (265 cases) power-eval-11","status":"passed","title":"power-eval-11","duration":0,"failureMessages":[]},{"ancestorTitles":["","Golden File Test Corpus (265 cases)"],"fullName":" Golden File Test Corpus (265 cases) power-eval-12","status":"passed","title":"power-eval-12","duration":0,"failureMessages":[]},{"ancestorTitles":["","Golden File Test Corpus (265 cases)"],"fullName":" Golden File Test Corpus (265 cases) power-eval-13","status":"passed","title":"power-eval-13","duration":0,"failureMessages":[]},{"ancestorTitles":["","Golden File Test Corpus (265 cases)"],"fullName":" Golden File Test Corpus (265 cases) power-eval-14","status":"passed","title":"power-eval-14","duration":1,"failureMessages":[]},{"ancestorTitles":["","Golden File Test Corpus (265 cases)"],"fullName":" Golden File Test Corpus (265 cases) power-eval-15","status":"passed","title":"power-eval-15","duration":0,"failureMessages":[]},{"ancestorTitles":["","Golden File Test Corpus (265 cases)"],"fullName":" Golden File Test Corpus (265 cases) power-eval-16","status":"passed","title":"power-eval-16","duration":0,"failureMessages":[]},{"ancestorTitles":["","Golden File Test Corpus (265 cases)"],"fullName":" Golden File Test Corpus (265 cases) power-eval-17","status":"passed","title":"power-eval-17","duration":0,"failureMessages":[]},{"ancestorTitles":["","Golden File Test Corpus (265 cases)"],"fullName":" Golden File Test Corpus (265 cases) power-eval-18","status":"passed","title":"power-eval-18","duration":0,"failureMessages":[]},{"ancestorTitles":["","Golden File Test Corpus (265 cases)"],"fullName":" Golden File Test Corpus (265 cases) power-eval-19","status":"passed","title":"power-eval-19","duration":0,"failureMessages":[]},{"ancestorTitles":["","Golden File Test Corpus (265 cases)"],"fullName":" Golden File Test Corpus (265 cases) power-eval-20","status":"passed","title":"power-eval-20","duration":0,"failureMessages":[]},{"ancestorTitles":["","Golden File Test Corpus (265 cases)"],"fullName":" Golden File Test Corpus (265 cases) power-eval-21","status":"passed","title":"power-eval-21","duration":0,"failureMessages":[]},{"ancestorTitles":["","Golden File Test Corpus (265 cases)"],"fullName":" Golden File Test Corpus (265 cases) power-eval-22","status":"passed","title":"power-eval-22","duration":0,"failureMessages":[]},{"ancestorTitles":["","Golden File Test Corpus (265 cases)"],"fullName":" Golden File Test Corpus (265 cases) power-eval-23","status":"passed","title":"power-eval-23","duration":0,"failureMessages":[]},{"ancestorTitles":["","Golden File Test Corpus (265 cases)"],"fullName":" Golden File Test Corpus (265 cases) power-eval-24","status":"passed","title":"power-eval-24","duration":0,"failureMessages":[]},{"ancestorTitles":["","Golden File Test Corpus (265 cases)"],"fullName":" Golden File Test Corpus (265 cases) power-eval-25","status":"passed","title":"power-eval-25","duration":0,"failureMessages":[]},{"ancestorTitles":["","Golden File Test Corpus (265 cases)"],"fullName":" Golden File Test Corpus (265 cases) factorial-0","status":"passed","title":"factorial-0","duration":0,"failureMessages":[]},{"ancestorTitles":["","Golden File Test Corpus (265 cases)"],"fullName":" Golden File Test Corpus (265 cases) factorial-1","status":"passed","title":"factorial-1","duration":0,"failureMessages":[]},{"ancestorTitles":["","Golden File Test Corpus (265 cases)"],"fullName":" Golden File Test Corpus (265 cases) factorial-2","status":"passed","title":"factorial-2","duration":1,"failureMessages":[]},{"ancestorTitles":["","Golden File Test Corpus (265 cases)"],"fullName":" Golden File Test Corpus (265 cases) factorial-3","status":"passed","title":"factorial-3","duration":0,"failureMessages":[]},{"ancestorTitles":["","Golden File Test Corpus (265 cases)"],"fullName":" Golden File Test Corpus (265 cases) factorial-4","status":"passed","title":"factorial-4","duration":0,"failureMessages":[]},{"ancestorTitles":["","Golden File Test Corpus (265 cases)"],"fullName":" Golden File Test Corpus (265 cases) factorial-5","status":"passed","title":"factorial-5","duration":0,"failureMessages":[]},{"ancestorTitles":["","Golden File Test Corpus (265 cases)"],"fullName":" Golden File Test Corpus (265 cases) factorial-6","status":"passed","title":"factorial-6","duration":0,"failureMessages":[]},{"ancestorTitles":["","Golden File Test Corpus (265 cases)"],"fullName":" Golden File Test Corpus (265 cases) factorial-7","status":"passed","title":"factorial-7","duration":0,"failureMessages":[]},{"ancestorTitles":["","Golden File Test Corpus (265 cases)"],"fullName":" Golden File Test Corpus (265 cases) factorial-8","status":"passed","title":"factorial-8","duration":0,"failureMessages":[]},{"ancestorTitles":["","Golden File Test Corpus (265 cases)"],"fullName":" Golden File Test Corpus (265 cases) factorial-9","status":"passed","title":"factorial-9","duration":0,"failureMessages":[]},{"ancestorTitles":["","Golden File Test Corpus (265 cases)"],"fullName":" Golden File Test Corpus (265 cases) factorial-10","status":"passed","title":"factorial-10","duration":0,"failureMessages":[]},{"ancestorTitles":["","Golden File Test Corpus (265 cases)"],"fullName":" Golden File Test Corpus (265 cases) factorial-11","status":"passed","title":"factorial-11","duration":0,"failureMessages":[]},{"ancestorTitles":["","Golden File Test Corpus (265 cases)"],"fullName":" Golden File Test Corpus (265 cases) factorial-12","status":"passed","title":"factorial-12","duration":0,"failureMessages":[]},{"ancestorTitles":["","Golden File Test Corpus (265 cases)"],"fullName":" Golden File Test Corpus (265 cases) factorial-13","status":"passed","title":"factorial-13","duration":0,"failureMessages":[]},{"ancestorTitles":["","Golden File Test Corpus (265 cases)"],"fullName":" Golden File Test Corpus (265 cases) factorial-14","status":"passed","title":"factorial-14","duration":1,"failureMessages":[]},{"ancestorTitles":["","Golden File Test Corpus (265 cases)"],"fullName":" Golden File Test Corpus (265 cases) factorial-15","status":"passed","title":"factorial-15","duration":0,"failureMessages":[]},{"ancestorTitles":["","Golden File Test Corpus (265 cases)"],"fullName":" Golden File Test Corpus (265 cases) gcd-1","status":"passed","title":"gcd-1","duration":0,"failureMessages":[]},{"ancestorTitles":["","Golden File Test Corpus (265 cases)"],"fullName":" Golden File Test Corpus (265 cases) gcd-2","status":"passed","title":"gcd-2","duration":0,"failureMessages":[]},{"ancestorTitles":["","Golden File Test Corpus (265 cases)"],"fullName":" Golden File Test Corpus (265 cases) gcd-3","status":"passed","title":"gcd-3","duration":0,"failureMessages":[]},{"ancestorTitles":["","Golden File Test Corpus (265 cases)"],"fullName":" Golden File Test Corpus (265 cases) gcd-4","status":"passed","title":"gcd-4","duration":0,"failureMessages":[]},{"ancestorTitles":["","Golden File Test Corpus (265 cases)"],"fullName":" Golden File Test Corpus (265 cases) gcd-5","status":"passed","title":"gcd-5","duration":0,"failureMessages":[]},{"ancestorTitles":["","Golden File Test Corpus (265 cases)"],"fullName":" Golden File Test Corpus (265 cases) gcd-6","status":"passed","title":"gcd-6","duration":0,"failureMessages":[]},{"ancestorTitles":["","Golden File Test Corpus (265 cases)"],"fullName":" Golden File Test Corpus (265 cases) gcd-7","status":"passed","title":"gcd-7","duration":0,"failureMessages":[]},{"ancestorTitles":["","Golden File Test Corpus (265 cases)"],"fullName":" Golden File Test Corpus (265 cases) gcd-8","status":"passed","title":"gcd-8","duration":0,"failureMessages":[]},{"ancestorTitles":["","Golden File Test Corpus (265 cases)"],"fullName":" Golden File Test Corpus (265 cases) gcd-9","status":"passed","title":"gcd-9","duration":0,"failureMessages":[]},{"ancestorTitles":["","Golden File Test Corpus (265 cases)"],"fullName":" Golden File Test Corpus (265 cases) gcd-10","status":"passed","title":"gcd-10","duration":0,"failureMessages":[]},{"ancestorTitles":["","Golden File Test Corpus (265 cases)"],"fullName":" Golden File Test Corpus (265 cases) gcd-11","status":"passed","title":"gcd-11","duration":0,"failureMessages":[]},{"ancestorTitles":["","Golden File Test Corpus (265 cases)"],"fullName":" Golden File Test Corpus (265 cases) gcd-12","status":"passed","title":"gcd-12","duration":0,"failureMessages":[]},{"ancestorTitles":["","Golden File Test Corpus (265 cases)"],"fullName":" Golden File Test Corpus (265 cases) gcd-13","status":"passed","title":"gcd-13","duration":0,"failureMessages":[]},{"ancestorTitles":["","Golden File Test Corpus (265 cases)"],"fullName":" Golden File Test Corpus (265 cases) gcd-14","status":"passed","title":"gcd-14","duration":0,"failureMessages":[]},{"ancestorTitles":["","Golden File Test Corpus (265 cases)"],"fullName":" Golden File Test Corpus (265 cases) gcd-15","status":"passed","title":"gcd-15","duration":0,"failureMessages":[]},{"ancestorTitles":["","Golden File Test Corpus (265 cases)"],"fullName":" Golden File Test Corpus (265 cases) gcd-16","status":"passed","title":"gcd-16","duration":0,"failureMessages":[]},{"ancestorTitles":["","Golden File Test Corpus (265 cases)"],"fullName":" Golden File Test Corpus (265 cases) gcd-17","status":"passed","title":"gcd-17","duration":0,"failureMessages":[]},{"ancestorTitles":["","Golden File Test Corpus (265 cases)"],"fullName":" Golden File Test Corpus (265 cases) gcd-18","status":"passed","title":"gcd-18","duration":0,"failureMessages":[]},{"ancestorTitles":["","Golden File Test Corpus (265 cases)"],"fullName":" Golden File Test Corpus (265 cases) gcd-19","status":"passed","title":"gcd-19","duration":0,"failureMessages":[]},{"ancestorTitles":["","Golden File Test Corpus (265 cases)"],"fullName":" Golden File Test Corpus (265 cases) gcd-20","status":"passed","title":"gcd-20","duration":0,"failureMessages":[]},{"ancestorTitles":["","Golden File Test Corpus (265 cases)"],"fullName":" Golden File Test Corpus (265 cases) lcm-1","status":"passed","title":"lcm-1","duration":0,"failureMessages":[]},{"ancestorTitles":["","Golden File Test Corpus (265 cases)"],"fullName":" Golden File Test Corpus (265 cases) lcm-2","status":"passed","title":"lcm-2","duration":0,"failureMessages":[]},{"ancestorTitles":["","Golden File Test Corpus (265 cases)"],"fullName":" Golden File Test Corpus (265 cases) lcm-3","status":"passed","title":"lcm-3","duration":0,"failureMessages":[]},{"ancestorTitles":["","Golden File Test Corpus (265 cases)"],"fullName":" Golden File Test Corpus (265 cases) lcm-4","status":"passed","title":"lcm-4","duration":0,"failureMessages":[]},{"ancestorTitles":["","Golden File Test Corpus (265 cases)"],"fullName":" Golden File Test Corpus (265 cases) lcm-5","status":"passed","title":"lcm-5","duration":0,"failureMessages":[]},{"ancestorTitles":["","Golden File Test Corpus (265 cases)"],"fullName":" Golden File Test Corpus (265 cases) lcm-6","status":"passed","title":"lcm-6","duration":0,"failureMessages":[]},{"ancestorTitles":["","Golden File Test Corpus (265 cases)"],"fullName":" Golden File Test Corpus (265 cases) lcm-7","status":"passed","title":"lcm-7","duration":1,"failureMessages":[]},{"ancestorTitles":["","Golden File Test Corpus (265 cases)"],"fullName":" Golden File Test Corpus (265 cases) lcm-8","status":"passed","title":"lcm-8","duration":0,"failureMessages":[]},{"ancestorTitles":["","Golden File Test Corpus (265 cases)"],"fullName":" Golden File Test Corpus (265 cases) lcm-9","status":"passed","title":"lcm-9","duration":0,"failureMessages":[]},{"ancestorTitles":["","Golden File Test Corpus (265 cases)"],"fullName":" Golden File Test Corpus (265 cases) lcm-10","status":"passed","title":"lcm-10","duration":0,"failureMessages":[]},{"ancestorTitles":["","Golden File Test Corpus (265 cases)"],"fullName":" Golden File Test Corpus (265 cases) lcm-11","status":"passed","title":"lcm-11","duration":0,"failureMessages":[]},{"ancestorTitles":["","Golden File Test Corpus (265 cases)"],"fullName":" Golden File Test Corpus (265 cases) lcm-12","status":"passed","title":"lcm-12","duration":0,"failureMessages":[]},{"ancestorTitles":["","Golden File Test Corpus (265 cases)"],"fullName":" Golden File Test Corpus (265 cases) lcm-13","status":"passed","title":"lcm-13","duration":0,"failureMessages":[]},{"ancestorTitles":["","Golden File Test Corpus (265 cases)"],"fullName":" Golden File Test Corpus (265 cases) lcm-14","status":"passed","title":"lcm-14","duration":0,"failureMessages":[]},{"ancestorTitles":["","Golden File Test Corpus (265 cases)"],"fullName":" Golden File Test Corpus (265 cases) lcm-15","status":"passed","title":"lcm-15","duration":0,"failureMessages":[]},{"ancestorTitles":["","Golden File Test Corpus (265 cases)"],"fullName":" Golden File Test Corpus (265 cases) lcm-16","status":"passed","title":"lcm-16","duration":0,"failureMessages":[]},{"ancestorTitles":["","Golden File Test Corpus (265 cases)"],"fullName":" Golden File Test Corpus (265 cases) lcm-17","status":"passed","title":"lcm-17","duration":0,"failureMessages":[]},{"ancestorTitles":["","Golden File Test Corpus (265 cases)"],"fullName":" Golden File Test Corpus (265 cases) lcm-18","status":"passed","title":"lcm-18","duration":0,"failureMessages":[]},{"ancestorTitles":["","Golden File Test Corpus (265 cases)"],"fullName":" Golden File Test Corpus (265 cases) lcm-19","status":"passed","title":"lcm-19","duration":0,"failureMessages":[]},{"ancestorTitles":["","Golden File Test Corpus (265 cases)"],"fullName":" Golden File Test Corpus (265 cases) lcm-20","status":"passed","title":"lcm-20","duration":0,"failureMessages":[]},{"ancestorTitles":["","Golden File Test Corpus (265 cases)"],"fullName":" Golden File Test Corpus (265 cases) sqrt-1","status":"passed","title":"sqrt-1","duration":0,"failureMessages":[]},{"ancestorTitles":["","Golden File Test Corpus (265 cases)"],"fullName":" Golden File Test Corpus (265 cases) sqrt-2","status":"passed","title":"sqrt-2","duration":0,"failureMessages":[]},{"ancestorTitles":["","Golden File Test Corpus (265 cases)"],"fullName":" Golden File Test Corpus (265 cases) sqrt-3","status":"passed","title":"sqrt-3","duration":0,"failureMessages":[]},{"ancestorTitles":["","Golden File Test Corpus (265 cases)"],"fullName":" Golden File Test Corpus (265 cases) sqrt-4","status":"passed","title":"sqrt-4","duration":0,"failureMessages":[]},{"ancestorTitles":["","Golden File Test Corpus (265 cases)"],"fullName":" Golden File Test Corpus (265 cases) sqrt-5","status":"passed","title":"sqrt-5","duration":0,"failureMessages":[]},{"ancestorTitles":["","Golden File Test Corpus (265 cases)"],"fullName":" Golden File Test Corpus (265 cases) sqrt-6","status":"passed","title":"sqrt-6","duration":0,"failureMessages":[]},{"ancestorTitles":["","Golden File Test Corpus (265 cases)"],"fullName":" Golden File Test Corpus (265 cases) sqrt-7","status":"passed","title":"sqrt-7","duration":0,"failureMessages":[]},{"ancestorTitles":["","Golden File Test Corpus (265 cases)"],"fullName":" Golden File Test Corpus (265 cases) sqrt-8","status":"passed","title":"sqrt-8","duration":0,"failureMessages":[]},{"ancestorTitles":["","Golden File Test Corpus (265 cases)"],"fullName":" Golden File Test Corpus (265 cases) sqrt-9","status":"passed","title":"sqrt-9","duration":0,"failureMessages":[]},{"ancestorTitles":["","Golden File Test Corpus (265 cases)"],"fullName":" Golden File Test Corpus (265 cases) sqrt-10","status":"passed","title":"sqrt-10","duration":0,"failureMessages":[]},{"ancestorTitles":["","Golden File Test Corpus (265 cases)"],"fullName":" Golden File Test Corpus (265 cases) sqrt-11","status":"passed","title":"sqrt-11","duration":0,"failureMessages":[]},{"ancestorTitles":["","Golden File Test Corpus (265 cases)"],"fullName":" Golden File Test Corpus (265 cases) sqrt-12","status":"passed","title":"sqrt-12","duration":0,"failureMessages":[]},{"ancestorTitles":["","Golden File Test Corpus (265 cases)"],"fullName":" Golden File Test Corpus (265 cases) sqrt-13","status":"passed","title":"sqrt-13","duration":0,"failureMessages":[]},{"ancestorTitles":["","Golden File Test Corpus (265 cases)"],"fullName":" Golden File Test Corpus (265 cases) sqrt-14","status":"passed","title":"sqrt-14","duration":0,"failureMessages":[]},{"ancestorTitles":["","Golden File Test Corpus (265 cases)"],"fullName":" Golden File Test Corpus (265 cases) sqrt-15","status":"passed","title":"sqrt-15","duration":0,"failureMessages":[]},{"ancestorTitles":["","Golden File Test Corpus (265 cases)"],"fullName":" Golden File Test Corpus (265 cases) sqrt-16","status":"passed","title":"sqrt-16","duration":1,"failureMessages":[]},{"ancestorTitles":["","Golden File Test Corpus (265 cases)"],"fullName":" Golden File Test Corpus (265 cases) sqrt-17","status":"passed","title":"sqrt-17","duration":0,"failureMessages":[]},{"ancestorTitles":["","Golden File Test Corpus (265 cases)"],"fullName":" Golden File Test Corpus (265 cases) sqrt-18","status":"passed","title":"sqrt-18","duration":0,"failureMessages":[]},{"ancestorTitles":["","Golden File Test Corpus (265 cases)"],"fullName":" Golden File Test Corpus (265 cases) sqrt-19","status":"passed","title":"sqrt-19","duration":2,"failureMessages":[]},{"ancestorTitles":["","Golden File Test Corpus (265 cases)"],"fullName":" Golden File Test Corpus (265 cases) sqrt-20","status":"passed","title":"sqrt-20","duration":0,"failureMessages":[]},{"ancestorTitles":["","Golden File Test Corpus (265 cases)"],"fullName":" Golden File Test Corpus (265 cases) implicit-mult-var-1","status":"passed","title":"implicit-mult-var-1","duration":0,"failureMessages":[]},{"ancestorTitles":["","Golden File Test Corpus (265 cases)"],"fullName":" Golden File Test Corpus (265 cases) implicit-mult-var-2","status":"passed","title":"implicit-mult-var-2","duration":0,"failureMessages":[]},{"ancestorTitles":["","Golden File Test Corpus (265 cases)"],"fullName":" Golden File Test Corpus (265 cases) implicit-mult-var-3","status":"passed","title":"implicit-mult-var-3","duration":1,"failureMessages":[]},{"ancestorTitles":["","Golden File Test Corpus (265 cases)"],"fullName":" Golden File Test Corpus (265 cases) implicit-mult-var-4","status":"passed","title":"implicit-mult-var-4","duration":0,"failureMessages":[]},{"ancestorTitles":["","Golden File Test Corpus (265 cases)"],"fullName":" Golden File Test Corpus (265 cases) implicit-mult-var-5","status":"passed","title":"implicit-mult-var-5","duration":0,"failureMessages":[]},{"ancestorTitles":["","Golden File Test Corpus (265 cases)"],"fullName":" Golden File Test Corpus (265 cases) implicit-mult-var-6","status":"passed","title":"implicit-mult-var-6","duration":0,"failureMessages":[]},{"ancestorTitles":["","Golden File Test Corpus (265 cases)"],"fullName":" Golden File Test Corpus (265 cases) implicit-mult-var-7","status":"passed","title":"implicit-mult-var-7","duration":0,"failureMessages":[]},{"ancestorTitles":["","Golden File Test Corpus (265 cases)"],"fullName":" Golden File Test Corpus (265 cases) implicit-mult-var-8","status":"passed","title":"implicit-mult-var-8","duration":0,"failureMessages":[]},{"ancestorTitles":["","Golden File Test Corpus (265 cases)"],"fullName":" Golden File Test Corpus (265 cases) implicit-mult-var-9","status":"passed","title":"implicit-mult-var-9","duration":0,"failureMessages":[]},{"ancestorTitles":["","Golden File Test Corpus (265 cases)"],"fullName":" Golden File Test Corpus (265 cases) implicit-mult-var-10","status":"passed","title":"implicit-mult-var-10","duration":0,"failureMessages":[]},{"ancestorTitles":["","Golden File Test Corpus (265 cases)"],"fullName":" Golden File Test Corpus (265 cases) implicit-mult-var-11","status":"passed","title":"implicit-mult-var-11","duration":0,"failureMessages":[]},{"ancestorTitles":["","Golden File Test Corpus (265 cases)"],"fullName":" Golden File Test Corpus (265 cases) implicit-mult-var-12","status":"passed","title":"implicit-mult-var-12","duration":0,"failureMessages":[]},{"ancestorTitles":["","Golden File Test Corpus (265 cases)"],"fullName":" Golden File Test Corpus (265 cases) implicit-mult-var-13","status":"passed","title":"implicit-mult-var-13","duration":0,"failureMessages":[]},{"ancestorTitles":["","Golden File Test Corpus (265 cases)"],"fullName":" Golden File Test Corpus (265 cases) implicit-mult-var-14","status":"passed","title":"implicit-mult-var-14","duration":0,"failureMessages":[]},{"ancestorTitles":["","Golden File Test Corpus (265 cases)"],"fullName":" Golden File Test Corpus (265 cases) implicit-mult-var-15","status":"passed","title":"implicit-mult-var-15","duration":0,"failureMessages":[]},{"ancestorTitles":["","Golden File Test Corpus (265 cases)"],"fullName":" Golden File Test Corpus (265 cases) implicit-mult-var-16","status":"passed","title":"implicit-mult-var-16","duration":0,"failureMessages":[]},{"ancestorTitles":["","Golden File Test Corpus (265 cases)"],"fullName":" Golden File Test Corpus (265 cases) implicit-mult-var-17","status":"passed","title":"implicit-mult-var-17","duration":0,"failureMessages":[]},{"ancestorTitles":["","Golden File Test Corpus (265 cases)"],"fullName":" Golden File Test Corpus (265 cases) implicit-mult-var-18","status":"passed","title":"implicit-mult-var-18","duration":1,"failureMessages":[]},{"ancestorTitles":["","Golden File Test Corpus (265 cases)"],"fullName":" Golden File Test Corpus (265 cases) implicit-mult-var-19","status":"passed","title":"implicit-mult-var-19","duration":0,"failureMessages
[...]
oahslayton/projects/axine/src/tests/rational.test.ts"},{"assertionResults":[{"ancestorTitles":["","Phase 2: The Sampler","Degenerate Cases"],"fullName":" Phase 2: The Sampler Degenerate Cases handles relation holding nowhere in window (returns empty)","status":"passed","title":"handles relation holding nowhere in window (returns empty)","duration":6,"failureMessages":[]},{"ancestorTitles":["","Phase 2: The Sampler","Degenerate Cases"],"fullName":" Phase 2: The Sampler Degenerate Cases handles relation holding nowhere in 3D window (returns empty mesh)","status":"passed","title":"handles relation holding nowhere in 3D window (returns empty mesh)","duration":7,"failureMessages":[]},{"ancestorTitles":["","Phase 2: The Sampler","Degenerate Cases"],"fullName":" Phase 2: The Sampler Degenerate Cases handles relation holding everywhere (0 = 0)","status":"passed","title":"handles relation holding everywhere (0 = 0)","duration":1,"failureMessages":[]},{"ancestorTitles":["","Phase 2: The Sampler","Degenerate Cases"],"fullName":" Phase 2: The Sampler Degenerate Cases handles contour passing exactly through a grid node without NaN or division by zero","status":"passed","title":"handles contour passing exactly through a grid node without NaN or division by zero","duration":0,"failureMessages":[]},{"ancestorTitles":["","Phase 2: The Sampler","Degenerate Cases"],"fullName":" Phase 2: The Sampler Degenerate Cases handles relation with a pole in window (1/x = 0) without hang, throw, or NaN","status":"passed","title":"handles relation with a pole in window (1/x = 0) without hang, throw, or NaN","duration":2,"failureMessages":[]},{"ancestorTitles":["","Phase 2: The Sampler","Degenerate Cases"],"fullName":" Phase 2: The Sampler Degenerate Cases handles constant relation (5 = 0)","status":"passed","title":"handles constant relation (5 = 0)","duration":1,"failureMessages":[]},{"ancestorTitles":["","Phase 2: The Sampler","Degenerate Cases"],"fullName":" Phase 2: The Sampler Degenerate Cases handles singular point where gradient vanishes (x^2 + y^2 = 0 and x^2 - y^2 = 0)","status":"passed","title":"handles singular point where gradient vanishes (x^2 + y^2 = 0 and x^2 - y^2 = 0)","duration":2,"failureMessages":[]},{"ancestorTitles":["","Phase 2: The Sampler","Degenerate Cases"],"fullName":" Phase 2: The Sampler Degenerate Cases handles minimal resolutions (resolution 1 and resolution 2)","status":"passed","title":"handles minimal resolutions (resolution 1 and resolution 2)","duration":3,"failureMessages":[]},{"ancestorTitles":["","Phase 2: The Sampler","Degenerate Cases"],"fullName":" Phase 2: The Sampler Degenerate Cases handles range of zero width cleanly without division by zero","status":"passed","title":"handles range of zero width cleanly without division by zero","duration":1,"failureMessages":[]},{"ancestorTitles":["","Phase 2: The Sampler","Correctness Gate: Exact Numerical Manifold Verification"],"fullName":" Phase 2: The Sampler Correctness Gate: Exact Numerical Manifold Verification 1. x^2 + y^2 = 4 (Circle radius 2, assert |sqrt(x^2+y^2) - 2| < resolution step)","status":"passed","title":"1. x^2 + y^2 = 4 (Circle radius 2, assert |sqrt(x^2+y^2) - 2| < resolution step)","duration":6,"failureMessages":[]},{"ancestorTitles":["","Phase 2: The Sampler","Correctness Gate: Exact Numerical Manifold Verification"],"fullName":" Phase 2: The Sampler Correctness Gate: Exact Numerical Manifold Verification 2. y = x^2 (Parabola, assert |y - x^2| < tolerance)","status":"passed","title":"2. y = x^2 (Parabola, assert |y - x^2| < tolerance)","duration":9,"failureMessages":[]},{"ancestorTitles":["","Phase 2: The Sampler","Correctness Gate: Exact Numerical Manifold Verification"],"fullName":" Phase 2: The Sampler Correctness Gate: Exact Numerical Manifold Verification 3. x = 0 (Vertical line, assert |x| < 1e-12)","status":"passed","title":"3. x = 0 (Vertical line, assert |x| < 1e-12)","duration":3,"failureMessages":[]},{"ancestorTitles":["","Phase 2: The Sampler","Correctness Gate: Exact Numerical Manifold Verification"],"fullName":" Phase 2: The Sampler Correctness Gate: Exact Numerical Manifold Verification 4. y = sin(x) (Over -2pi..2pi, assert |y - sin(x)| < tolerance)","status":"passed","title":"4. y = sin(x) (Over -2pi..2pi, assert |y - sin(x)| < tolerance)","duration":23,"failureMessages":[]},{"ancestorTitles":["","Phase 2: The Sampler","Correctness Gate: Exact Numerical Manifold Verification"],"fullName":" Phase 2: The Sampler Correctness Gate: Exact Numerical Manifold Verification 5. x^2 + y^2 + z^2 = 4 (3D sphere, assert every vertex satisfies |sqrt(x^2+y^2+z^2) - 2| < tolerance)","status":"passed","title":"5. x^2 + y^2 + z^2 = 4 (3D sphere, assert every vertex satisfies |sqrt(x^2+y^2+z^2) - 2| < tolerance)","duration":67,"failureMessages":[]},{"ancestorTitles":["","Phase 2: The Sampler","Correctness Gate: Exact Numerical Manifold Verification"],"fullName":" Phase 2: The Sampler Correctness Gate: Exact Numerical Manifold Verification 6. x^2 - y^2 = 1 (Hyperbola, assert both branches returned and |x^2 - y^2 - 1| < tolerance)","status":"passed","title":"6. x^2 - y^2 = 1 (Hyperbola, assert both branches returned and |x^2 - y^2 - 1| < tolerance)","duration":13,"failureMessages":[]},{"ancestorTitles":["","Phase 2: The Sampler","Performance Gate & Higher-Dimensional Slicing"],"fullName":" Phase 2: The Sampler Performance Gate & Higher-Dimensional Slicing measures 40,000-point 2D sample, 216,000-point 3D sample, and 6-variable 2D slice","status":"passed","title":"measures 40,000-point 2D sample, 216,000-point 3D sample, and 6-variable 2D slice","duration":186,"failureMessages":[]},{"ancestorTitles":["","Phase 2: The Sampler","Zoom-to-Fit Bounds Discovery"],"fullName":" Phase 2: The Sampler Zoom-to-Fit Bounds Discovery finds tight bounding box on 2D relation or returns null when holding nowhere","status":"passed","title":"finds tight bounding box on 2D relation or returns null when holding nowhere","duration":0,"failureMessages":[]}],"startTime":1788661698266,"endTime":1788661698597,"status":"passed","message":"","name":"/Users/noahslayton/projects/axine/src/tests/sampler.test.ts"},{"assertionResults":[{"ancestorTitles":["","Phase 2: Lexical Scopes, Blocks, Global Assignment, and Forward References","Block Expressions and Local Scoping"],"fullName":" Phase 2: Lexical Scopes, Blocks, Global Assignment, and Forward References Block Expressions and Local Scoping evaluates block expression and returns the value of the final statement","status":"passed","title":"evaluates block expression and returns the value of the final statement","duration":5,"failureMessages":[]},{"ancestorTitles":["","Phase 2: Lexical Scopes, Blocks, Global Assignment, and Forward References","Block Expressions and Local Scoping"],"fullName":" Phase 2: Lexical Scopes, Blocks, Global Assignment, and Forward References Block Expressions and Local Scoping shadows outer variables without mutating outer bindings","status":"passed","title":"shadows outer variables without mutating outer bindings","duration":1,"failureMessages":[]},{"ancestorTitles":["","Phase 2: Lexical Scopes, Blocks, Global Assignment, and Forward References","Block Expressions and Local Scoping"],"fullName":" Phase 2: Lexical Scopes, Blocks, Global Assignment, and Forward References Block Expressions and Local Scoping handles nested blocks and lexical hierarchy","status":"passed","title":"handles nested blocks and lexical hierarchy","duration":0,"failureMessages":[]},{"ancestorTitles":["","Phase 2: Lexical Scopes, Blocks, Global Assignment, and Forward References","Global Assignment (:≡ and :==)"],"fullName":" Phase 2: Lexical Scopes, Blocks, Global Assignment, and Forward References Global Assignment (:≡ and :==) exports global variables from inside a block using :≡","status":"passed","title":"exports global variables from inside a block using :≡","duration":0,"failureMessages":[]},{"ancestorTitles":["","Phase 2: Lexical Scopes, Blocks, Global Assignment, and Forward References","Global Assignment (:≡ and :==)"],"fullName":" Phase 2: Lexical Scopes, Blocks, Global Assignment, and Forward References Global Assignment (:≡ and :==) exports global variables using :==","status":"passed","title":"exports global variables using :==","duration":1,"failureMessages":[]},{"ancestorTitles":["","Phase 2: Lexical Scopes, Blocks, Global Assignment, and Forward References","Block Functions & Mutual Recursion"],"fullName":" Phase 2: Lexical Scopes, Blocks, Global Assignment, and Forward References Block Functions & Mutual Recursion supports function definitions with local closures in blocks","status":"passed","title":"supports function definitions with local closures in blocks","duration":0,"failureMessages":[]},{"ancestorTitles":["","Phase 2: Lexical Scopes, Blocks, Global Assignment, and Forward References","Block Functions & Mutual Recursion"],"fullName":" Phase 2: Lexical Scopes, Blocks, Global Assignment, and Forward References Block Functions & Mutual Recursion supports mutual recursion inside a block","status":"passed","title":"supports mutual recursion inside a block","duration":1,"failureMessages":[]},{"ancestorTitles":["","Phase 2: Lexical Scopes, Blocks, Global Assignment, and Forward References","Forward Reference & Dependent Detection"],"fullName":" Phase 2: Lexical Scopes, Blocks, Global Assignment, and Forward References Forward Reference & Dependent Detection stands unreduced when referencing an unassigned variable","status":"passed","title":"stands unreduced when referencing an unassigned variable","duration":0,"failureMessages":[]},{"ancestorTitles":["","Phase 2: Lexical Scopes, Blocks, Global Assignment, and Forward References","Forward Reference & Dependent Detection"],"fullName":" Phase 2: Lexical Scopes, Blocks, Global Assignment, and Forward References Forward Reference & Dependent Detection evaluates correctly once variable is defined","status":"passed","title":"evaluates correctly once variable is defined","duration":0,"failureMessages":[]}],"startTime":1788661699127,"endTime":1788661699135,"status":"passed","message":"","name":"/Users/noahslayton/projects/axine/src/tests/scope_blocks.test.ts"},{"assertionResults":[{"ancestorTitles":["","Rewrite Phase 3: Spaces","The 8 Phase 3 Dimensionality Test Cases"],"fullName":" Rewrite Phase 3: Spaces The 8 Phase 3 Dimensionality Test Cases 1. x = 0 creates 1D space with coordinates [\"x\"]","status":"passed","title":"1. x = 0 creates 1D space with coordinates [\"x\"]","duration":7,"failureMessages":[]},{"ancestorTitles":["","Rewrite Phase 3: Spaces","The 8 Phase 3 Dimensionality Test Cases"],"fullName":" Rewrite Phase 3: Spaces The 8 Phase 3 Dimensionality Test Cases 2. y = x^2 creates 2D space with coordinates [\"x\", \"y\"]","status":"passed","title":"2. y = x^2 creates 2D space with coordinates [\"x\", \"y\"]","duration":1,"failureMessages":[]},{"ancestorTitles":["","Rewrite Phase 3: Spaces","The 8 Phase 3 Dimensionality Test Cases"],"fullName":" Rewrite Phase 3: Spaces The 8 Phase 3 Dimensionality Test Cases 3. x^2 + y^2 = 4 creates 2D space with coordinates [\"x\", \"y\"]","status":"passed","title":"3. x^2 + y^2 = 4 creates 2D space with coordinates [\"x\", \"y\"]","duration":1,"failureMessages":[]},{"ancestorTitles":["","Rewrite Phase 3: Spaces","The 8 Phase 3 Dimensionality Test Cases"],"fullName":" Rewrite Phase 3: Spaces The 8 Phase 3 Dimensionality Test Cases 4. x^2 + y^2 + z^2 = 4 creates 3D space with coordinates [\"x\", \"y\", \"z\"]","status":"passed","title":"4. x^2 + y^2 + z^2 = 4 creates 3D space with coordinates [\"x\", \"y\", \"z\"]","duration":0,"failureMessages":[]},{"ancestorTitles":["","Rewrite Phase 3: Spaces","The 8 Phase 3 Dimensionality Test Cases"],"fullName":" Rewrite Phase 3: Spaces The 8 Phase 3 Dimensionality Test Cases 5. y = :sin(x) creates 2D space with coordinates [\"x\", \"y\"]","status":"passed","title":"5. y = :sin(x) creates 2D space with coordinates [\"x\", \"y\"]","duration":3,"failureMessages":[]},{"ancestorTitles":["","Rewrite Phase 3: Spaces","The 8 Phase 3 Dimensionality Test Cases"],"fullName":" Rewrite Phase 3: Spaces The 8 Phase 3 Dimensionality Test Cases 6. { y = x^2 ; v = u^2 } creates 4D space with coordinates [\"u\", \"v\", \"x\", \"y\"]","status":"passed","title":"6. { y = x^2 ; v = u^2 } creates 4D space with coordinates [\"u\", \"v\", \"x\", \"y\"]","duration":2,"failureMessages":[]},{"ancestorTitles":["","Rewrite Phase 3: Spaces","The 8 Phase 3 Dimensionality Test Cases"],"fullName":" Rewrite Phase 3: Spaces The 8 Phase 3 Dimensionality Test Cases 7. { x = 0 ; { y = x^2 } } creates nested spaces with lexical scope & spatial containment","status":"passed","title":"7. { x = 0 ; { y = x^2 } } creates nested spaces with lexical scope & spatial containment","duration":0,"failureMessages":[]},{"ancestorTitles":["","Rewrite Phase 3: Spaces","The 8 Phase 3 Dimensionality Test Cases"],"fullName":" Rewrite Phase 3: Spaces The 8 Phase 3 Dimensionality Test Cases 8. :sqrt(-1) < 3 evaluates cleanly to unreduced expression :sqrt(-1) < 3","status":"passed","title":"8. :sqrt(-1) < 3 evaluates cleanly to unreduced expression :sqrt(-1) < 3","duration":0,"failureMessages":[]},{"ancestorTitles":["","Rewrite Phase 3: Spaces","Slider Dragging Performance Gate (< 16.6ms)"],"fullName":" Rewrite Phase 3: Spaces Slider Dragging Performance Gate (< 16.6ms) measures frame time when dragging sliders on a 4-variable relation","status":"passed","title":"measures frame time when dragging sliders on a 4-variable relation","duration":141,"failureMessages":[]},{"ancestorTitles":["","Rewrite Phase 3: Spaces","SpaceViewport Viewport Lifecycle and Controls"],"fullName":" Rewrite Phase 3: Spaces SpaceViewport Viewport Lifecycle and Controls mounts, navigates, pans, zooms, and disposes cleanly in DOM","status":"passed","title":"mounts, navigates, pans, zooms, and disposes cleanly in DOM","duration":1,"failureMessages":[]}],"startTime":1788661698636,"endTime":1788661698792,"status":"passed","message":"","name":"/Users/noahslayton/projects/axine/src/tests/spaces.test.ts"},{"assertionResults":[{"ancestorTitles":["","Reduction Model: Unreduced Standing Expressions"],"fullName":" Reduction Model: Unreduced Standing Expressions evaluates exactly 15 unevaluable expressions to unreduced standing AST nodes","status":"passed","title":"evaluates exactly 15 unevaluable expressions to unreduced standing AST nodes","duration":11,"failureMessages":[]}],"startTime":1788661699612,"endTime":1788661699623,"status":"passed","message":"","name":"/Users/noahslayton/projects/axine/src/tests/three_way_g3.test.ts"},{"assertionResults":[{"ancestorTitles":["","Phase D: Time \\and Ranges (:time \\and Intervals)"],"fullName":" Phase D: Time \\and Ranges (:time \\and Intervals) parses interval notation correctly for closed, open, half-open, \\and infinite intervals","status":"passed","title":"parses interval notation correctly for closed, open, half-open, \\and infinite intervals","duration":2,"failureMessages":[]},{"ancestorTitles":["","Phase D: Time \\and Ranges (:time \\and Intervals)"],"fullName":" Phase D: Time \\and Ranges (:time \\and Intervals) evaluates block containing :time \\in [0, 10] into Space \\with coordinateBounds \\and timeVariable","status":"passed","title":"evaluates block containing :time \\in [0, 10] into Space \\with coordinateBounds \\and timeVariable","duration":3,"failureMessages":[]},{"ancestorTitles":["","Phase D: Time \\and Ranges (:time \\and Intervals)"],"fullName":" Phase D: Time \\and Ranges (:time \\and Intervals) measures scrubbing frame time for relation along :time \\axis (< 16.6ms)","status":"passed","title":"measures scrubbing frame time for relation along :time \\axis (< 16.6ms)","duration":91,"failureMessages":[]}],"startTime":1788661699298,"endTime":1788661699394,"status":"passed","message":"","name":"/Users/noahslayton/projects/axine/src/tests/time_ranges.test.ts"},{"assertionResults":[{"ancestorTitles":["","Tokenizer"],"fullName":" Tokenizer tokenizes simple integers and decimals","status":"passed","title":"tokenizes simple integers and decimals","duration":2,"failureMessages":[]},{"ancestorTitles":["","Tokenizer"],"fullName":" Tokenizer handles unicode operators and symbols","status":"passed","title":"handles unicode operators and symbols","duration":1,"failureMessages":[]},{"ancestorTitles":["","Tokenizer"],"fullName":" Tokenizer tokenizes superscripts","status":"passed","title":"tokenizes superscripts","duration":0,"failureMessages":[]},{"ancestorTitles":["","Tokenizer"],"fullName":" Tokenizer tokenizes assignments and ranges with backslash keywords","status":"passed","title":"tokenizes assignments and ranges with backslash keywords","duration":0,"failureMessages":[]},{"ancestorTitles":["","Tokenizer"],"fullName":" Tokenizer tokenizes bare words as single-letter juxtaposed identifiers","status":"passed","title":"tokenizes bare words as single-letter juxtaposed identifiers","duration":1,"failureMessages":[]}],"startTime":1788661699458,"endTime":1788661699462,"status":"passed","message":"","name":"/Users/noahslayton/projects/axine/src/tests/tokenizer.test.ts"},{"assertionResults":[{"ancestorTitles":["","Phase 4: Total Turing Completeness & Universality","Turing Machine Simulation & Busy Beaver (turing.ax)"],"fullName":" Phase 4: Total Turing Completeness & Universality Turing Machine Simulation & Busy Beaver (turing.ax) simulates 3-state 2-symbol Busy Beaver BB(3) in 21 steps producing 6 ones","status":"passed","title":"simulates 3-state 2-symbol Busy Beaver BB(3) in 21 steps producing 6 ones","duration":17,"failureMessages":[]},{"ancestorTitles":["","Phase 4: Total Turing Completeness & Universality","Turing Machine Simulation & Busy Beaver (turing.ax)"],"fullName":" Phase 4: Total Turing Completeness & Universality Turing Machine Simulation & Busy Beaver (turing.ax) evaluates non-halting machine under fuel returning unknown(budget-exhausted)","status":"passed","title":"evaluates non-halting machine under fuel returning unknown(budget-exhausted)","duration":2,"failureMessages":[]},{"ancestorTitles":["","Phase 4: Total Turing Completeness & Universality","Turing Machine Simulation & Busy Beaver (turing.ax)"],"fullName":" Phase 4: Total Turing Completeness & Universality Turing Machine Simulation & Busy Beaver (turing.ax) simulates Rule 110 Cellular Automaton for multiple generations","status":"passed","title":"simulates Rule 110 Cellular Automaton for multiple generations","duration":1,"failureMessages":[]},{"ancestorTitles":["","Phase 4: Total Turing Completeness & Universality","Pure Untyped Lambda Calculus & Combinators (lambda.ax)"],"fullName":" Phase 4: Total Turing Completeness & Universality Pure Untyped Lambda Calculus & Combinators (lambda.ax) evaluates Church numeral multiplication: 3 * 4 = 12","status":"passed","title":"evaluates Church numeral multiplication: 3 * 4 = 12","duration":1,"failureMessages":[]},{"ancestorTitles":["","Phase 4: Total Turing Completeness & Universality","Pure Untyped Lambda Calculus & Combinators (lambda.ax)"],"fullName":" Phase 4: Total Turing Completeness & Universality Pure Untyped Lambda Calculus & Combinators (lambda.ax) evaluates Omega combinator (\\x. xx)(\\x. xx) to unknown(budget-exhausted)","status":"passed","title":"evaluates Omega combinator (\\x. xx)(\\x. xx) to unknown(budget-exhausted)","duration":1,"failureMessages":[]},{"ancestorTitles":["","Phase 4: Total Turing Completeness & Universality","Pure Untyped Lambda Calculus & Combinators (lambda.ax)"],"fullName":" Phase 4: Total Turing Completeness & Universality Pure Untyped Lambda Calculus & Combinators (lambda.ax) evaluates Y-combinator factorial: Y(F)(5) = 120","status":"passed","title":"evaluates Y-combinator factorial: Y(F)(5) = 120","duration":2,"failureMessages":[]}],"startTime":1788661698907,"endTime":1788661698931,"status":"passed","message":"","name":"/Users/noahslayton/projects/axine/src/tests/universality.test.ts"}]}
